<?xml version="1.0" encoding="UTF-8"?>
<testsuite name="controller.TrainControllerTest" tests="3" skipped="0" failures="0" errors="0" timestamp="2021-01-31T21:31:24" hostname="DESKTOP-T1RQ59H" time="0.177">
  <properties/>
  <testcase name="getTrainByIdIsNotFound()" classname="controller.TrainControllerTest" time="0.082"/>
  <testcase name="getAllTrains()" classname="controller.TrainControllerTest" time="0.025"/>
  <testcase name="getTrainById()" classname="controller.TrainControllerTest" time="0.066"/>
  <system-out><![CDATA[2021-01-31 22:31:22.669  INFO 5404 --- [    Test worker] o.s.t.c.support.AbstractContextLoader    : Could not detect default resource locations for test class [controller.TrainControllerTest]: no resource found for suffixes {-context.xml, Context.groovy}.
2021-01-31 22:31:22.682  INFO 5404 --- [    Test worker] .b.t.a.w.s.WebMvcTestContextBootstrapper : Loaded default TestExecutionListener class names from location [META-INF/spring.factories]: [org.springframework.security.test.context.support.WithSecurityContextTestExecutionListener, org.springframework.security.test.context.support.ReactorContextTestExecutionListener, org.springframework.boot.test.autoconfigure.restdocs.RestDocsTestExecutionListener, org.springframework.boot.test.autoconfigure.web.client.MockRestServiceServerResetTestExecutionListener, org.springframework.boot.test.autoconfigure.web.servlet.MockMvcPrintOnlyOnFailureTestExecutionListener, org.springframework.boot.test.autoconfigure.web.servlet.WebDriverTestExecutionListener, org.springframework.boot.test.autoconfigure.webservices.client.MockWebServiceServerTestExecutionListener, org.springframework.boot.test.mock.mockito.MockitoTestExecutionListener, org.springframework.boot.test.mock.mockito.ResetMocksTestExecutionListener, org.springframework.test.context.web.ServletTestExecutionListener, org.springframework.test.context.support.DirtiesContextBeforeModesTestExecutionListener, org.springframework.test.context.support.DependencyInjectionTestExecutionListener, org.springframework.test.context.support.DirtiesContextTestExecutionListener, org.springframework.test.context.transaction.TransactionalTestExecutionListener, org.springframework.test.context.jdbc.SqlScriptsTestExecutionListener, org.springframework.test.context.event.EventPublishingTestExecutionListener]
2021-01-31 22:31:22.684  INFO 5404 --- [    Test worker] .b.t.a.w.s.WebMvcTestContextBootstrapper : Using TestExecutionListeners: [org.springframework.test.context.web.ServletTestExecutionListener@57167d8c, org.springframework.test.context.support.DirtiesContextBeforeModesTestExecutionListener@5e833068, org.springframework.boot.test.mock.mockito.MockitoTestExecutionListener@49e729ee, org.springframework.boot.test.autoconfigure.SpringBootDependencyInjectionTestExecutionListener@198bb2c3, org.springframework.test.context.support.DirtiesContextTestExecutionListener@7d154663, org.springframework.test.context.transaction.TransactionalTestExecutionListener@3a5229d9, org.springframework.test.context.jdbc.SqlScriptsTestExecutionListener@4a0acf24, org.springframework.security.test.context.support.WithSecurityContextTestExecutionListener@ed3710c, org.springframework.test.context.event.EventPublishingTestExecutionListener@59a218eb, org.springframework.security.test.context.support.ReactorContextTestExecutionListener@7295fee7, org.springframework.boot.test.autoconfigure.restdocs.RestDocsTestExecutionListener@6efa7c7e, org.springframework.boot.test.autoconfigure.web.client.MockRestServiceServerResetTestExecutionListener@7bb42bbc, org.springframework.boot.test.autoconfigure.web.servlet.MockMvcPrintOnlyOnFailureTestExecutionListener@32181161, org.springframework.boot.test.autoconfigure.web.servlet.WebDriverTestExecutionListener@6f27b303, org.springframework.boot.test.autoconfigure.webservices.client.MockWebServiceServerTestExecutionListener@52032b15, org.springframework.boot.test.mock.mockito.ResetMocksTestExecutionListener@8b00322]

  .   ____          _            __ _ _
 /\\ / ___'_ __ _ _(_)_ __  __ _ \ \ \ \
( ( )\___ | '_ | '_| | '_ \/ _` | \ \ \ \
 \\/  ___)| |_)| | | | | || (_| |  ) ) ) )
  '  |____| .__|_| |_|_| |_\__, | / / / /
 =========|_|==============|___/=/_/_/_/
 :: Spring Boot ::        (v2.3.4.RELEASE)

2021-01-31 22:31:22.733  INFO 5404 --- [    Test worker] controller.TrainControllerTest           : Starting TrainControllerTest on DESKTOP-T1RQ59H with PID 5404 (started by piszc in C:\Users\piszc\OneDrive\Desktop\SKM projekt\SKM\simulator)
2021-01-31 22:31:22.734  INFO 5404 --- [    Test worker] controller.TrainControllerTest           : No active profile set, falling back to default profiles: default
2021-01-31 22:31:23.465  INFO 5404 --- [    Test worker] o.s.s.concurrent.ThreadPoolTaskExecutor  : Initializing ExecutorService 'applicationTaskExecutor'
2021-01-31 22:31:23.849  INFO 5404 --- [    Test worker] .s.s.UserDetailsServiceAutoConfiguration : 

Using generated security password: 619faff6-addf-486a-9efe-3e192e13ce49

2021-01-31 22:31:23.994  INFO 5404 --- [    Test worker] o.s.s.web.DefaultSecurityFilterChain     : Creating filter chain: any request, [org.springframework.security.web.context.request.async.WebAsyncManagerIntegrationFilter@523ead30, org.springframework.security.web.context.SecurityContextPersistenceFilter@41eb4485, org.springframework.security.web.header.HeaderWriterFilter@2db8ae47, org.springframework.security.web.csrf.CsrfFilter@566f6f25, org.springframework.security.web.authentication.logout.LogoutFilter@6821ed8d, org.springframework.security.web.authentication.UsernamePasswordAuthenticationFilter@66172c4a, org.springframework.security.web.authentication.ui.DefaultLoginPageGeneratingFilter@6ab3447c, org.springframework.security.web.authentication.ui.DefaultLogoutPageGeneratingFilter@12d0accc, org.springframework.security.web.authentication.www.BasicAuthenticationFilter@23be5b67, org.springframework.security.web.savedrequest.RequestCacheAwareFilter@6eeef634, org.springframework.security.web.servletapi.SecurityContextHolderAwareRequestFilter@64ca738, org.springframework.security.web.authentication.AnonymousAuthenticationFilter@4dfaa7a0, org.springframework.security.web.session.SessionManagementFilter@6cd0187d, org.springframework.security.web.access.ExceptionTranslationFilter@7caa701c, org.springframework.security.web.access.intercept.FilterSecurityInterceptor@5202458e]
2021-01-31 22:31:24.031  INFO 5404 --- [    Test worker] o.s.b.t.m.w.SpringBootMockServletContext : Initializing Spring TestDispatcherServlet ''
2021-01-31 22:31:24.032  INFO 5404 --- [    Test worker] o.s.t.web.servlet.TestDispatcherServlet  : Initializing Servlet ''
2021-01-31 22:31:24.043  INFO 5404 --- [    Test worker] o.s.t.web.servlet.TestDispatcherServlet  : Completed initialization in 11 ms
2021-01-31 22:31:24.062  INFO 5404 --- [    Test worker] controller.TrainControllerTest           : Started TrainControllerTest in 1.372 seconds (JVM running for 5.481)
]]></system-out>
  <system-err><![CDATA[]]></system-err>
</testsuite>
