<?xml version="1.0" encoding="UTF-8"?>
<testsuite name="service.TrainServiceTest" tests="3" skipped="0" failures="0" errors="0" timestamp="2021-01-20T23:12:28" hostname="DESKTOP-T1RQ59H" time="0.064">
  <properties/>
  <testcase name="updateTrain()" classname="service.TrainServiceTest" time="0.053"/>
  <testcase name="createNewTrainWithId()" classname="service.TrainServiceTest" time="0.005"/>
  <testcase name="createNewTrainWithoutID()" classname="service.TrainServiceTest" time="0.003"/>
  <system-out><![CDATA[2021-01-21 00:12:28.217  INFO 13168 --- [    Test worker] .b.t.c.SpringBootTestContextBootstrapper : Neither @ContextConfiguration nor @ContextHierarchy found for test class [service.TrainServiceTest], using SpringBootContextLoader
2021-01-21 00:12:28.218  INFO 13168 --- [    Test worker] o.s.t.c.support.AbstractContextLoader    : Could not detect default resource locations for test class [service.TrainServiceTest]: no resource found for suffixes {-context.xml, Context.groovy}.
2021-01-21 00:12:28.223  INFO 13168 --- [    Test worker] .b.t.c.SpringBootTestContextBootstrapper : Loaded default TestExecutionListener class names from location [META-INF/spring.factories]: [org.springframework.boot.test.autoconfigure.restdocs.RestDocsTestExecutionListener, org.springframework.boot.test.autoconfigure.web.client.MockRestServiceServerResetTestExecutionListener, org.springframework.boot.test.autoconfigure.web.servlet.MockMvcPrintOnlyOnFailureTestExecutionListener, org.springframework.boot.test.autoconfigure.web.servlet.WebDriverTestExecutionListener, org.springframework.boot.test.autoconfigure.webservices.client.MockWebServiceServerTestExecutionListener, org.springframework.boot.test.mock.mockito.MockitoTestExecutionListener, org.springframework.boot.test.mock.mockito.ResetMocksTestExecutionListener, org.springframework.test.context.web.ServletTestExecutionListener, org.springframework.test.context.support.DirtiesContextBeforeModesTestExecutionListener, org.springframework.test.context.support.DependencyInjectionTestExecutionListener, org.springframework.test.context.support.DirtiesContextTestExecutionListener, org.springframework.test.context.transaction.TransactionalTestExecutionListener, org.springframework.test.context.jdbc.SqlScriptsTestExecutionListener, org.springframework.test.context.event.EventPublishingTestExecutionListener]
2021-01-21 00:12:28.224  INFO 13168 --- [    Test worker] .b.t.c.SpringBootTestContextBootstrapper : Using TestExecutionListeners: [org.springframework.test.context.web.ServletTestExecutionListener@22acc21, org.springframework.test.context.support.DirtiesContextBeforeModesTestExecutionListener@e0cd3b2, org.springframework.boot.test.mock.mockito.MockitoTestExecutionListener@6228ad56, org.springframework.boot.test.autoconfigure.SpringBootDependencyInjectionTestExecutionListener@18bbd79, org.springframework.test.context.support.DirtiesContextTestExecutionListener@559422ad, org.springframework.test.context.transaction.TransactionalTestExecutionListener@3dedeaee, org.springframework.test.context.jdbc.SqlScriptsTestExecutionListener@1a08b218, org.springframework.test.context.event.EventPublishingTestExecutionListener@46b4b455, org.springframework.boot.test.autoconfigure.restdocs.RestDocsTestExecutionListener@32417764, org.springframework.boot.test.autoconfigure.web.client.MockRestServiceServerResetTestExecutionListener@60a95158, org.springframework.boot.test.autoconfigure.web.servlet.MockMvcPrintOnlyOnFailureTestExecutionListener@3feeb727, org.springframework.boot.test.autoconfigure.web.servlet.WebDriverTestExecutionListener@5c1baa93, org.springframework.boot.test.autoconfigure.webservices.client.MockWebServiceServerTestExecutionListener@65d80c23, org.springframework.boot.test.mock.mockito.ResetMocksTestExecutionListener@4fd1b251]

  .   ____          _            __ _ _
 /\\ / ___'_ __ _ _(_)_ __  __ _ \ \ \ \
( ( )\___ | '_ | '_| | '_ \/ _` | \ \ \ \
 \\/  ___)| |_)| | | | | || (_| |  ) ) ) )
  '  |____| .__|_| |_|_| |_\__, | / / / /
 =========|_|==============|___/=/_/_/_/
 :: Spring Boot ::        (v2.3.4.RELEASE)

2021-01-21 00:12:28.266  INFO 13168 --- [    Test worker] service.TrainServiceTest                 : Starting TrainServiceTest on DESKTOP-T1RQ59H with PID 13168 (started by piszc in C:\Users\piszc\OneDrive\Desktop\SKM projekt\SKM\simulator)
2021-01-21 00:12:28.267  INFO 13168 --- [    Test worker] service.TrainServiceTest                 : No active profile set, falling back to default profiles: default
2021-01-21 00:12:28.426  INFO 13168 --- [    Test worker] service.TrainServiceTest                 : Started TrainServiceTest in 0.199 seconds (JVM running for 3.522)
]]></system-out>
  <system-err><![CDATA[]]></system-err>
</testsuite>
