<?xml version="1.0" encoding="UTF-8"?>
<testsuite name="service.TrainServiceTest" tests="3" skipped="0" failures="0" errors="0" timestamp="2021-01-20T21:48:07" hostname="DESKTOP-T1RQ59H" time="0.062">
  <properties/>
  <testcase name="updateTrain()" classname="service.TrainServiceTest" time="0.052"/>
  <testcase name="createNewTrainWithId()" classname="service.TrainServiceTest" time="0.004"/>
  <testcase name="createNewTrainWithoutID()" classname="service.TrainServiceTest" time="0.003"/>
  <system-out><![CDATA[2021-01-20 22:48:07.506  INFO 11612 --- [    Test worker] .b.t.c.SpringBootTestContextBootstrapper : Neither @ContextConfiguration nor @ContextHierarchy found for test class [service.TrainServiceTest], using SpringBootContextLoader
2021-01-20 22:48:07.507  INFO 11612 --- [    Test worker] o.s.t.c.support.AbstractContextLoader    : Could not detect default resource locations for test class [service.TrainServiceTest]: no resource found for suffixes {-context.xml, Context.groovy}.
2021-01-20 22:48:07.513  INFO 11612 --- [    Test worker] .b.t.c.SpringBootTestContextBootstrapper : Loaded default TestExecutionListener class names from location [META-INF/spring.factories]: [org.springframework.boot.test.autoconfigure.restdocs.RestDocsTestExecutionListener, org.springframework.boot.test.autoconfigure.web.client.MockRestServiceServerResetTestExecutionListener, org.springframework.boot.test.autoconfigure.web.servlet.MockMvcPrintOnlyOnFailureTestExecutionListener, org.springframework.boot.test.autoconfigure.web.servlet.WebDriverTestExecutionListener, org.springframework.boot.test.autoconfigure.webservices.client.MockWebServiceServerTestExecutionListener, org.springframework.boot.test.mock.mockito.MockitoTestExecutionListener, org.springframework.boot.test.mock.mockito.ResetMocksTestExecutionListener, org.springframework.test.context.web.ServletTestExecutionListener, org.springframework.test.context.support.DirtiesContextBeforeModesTestExecutionListener, org.springframework.test.context.support.DependencyInjectionTestExecutionListener, org.springframework.test.context.support.DirtiesContextTestExecutionListener, org.springframework.test.context.transaction.TransactionalTestExecutionListener, org.springframework.test.context.jdbc.SqlScriptsTestExecutionListener, org.springframework.test.context.event.EventPublishingTestExecutionListener]
2021-01-20 22:48:07.514  INFO 11612 --- [    Test worker] .b.t.c.SpringBootTestContextBootstrapper : Using TestExecutionListeners: [org.springframework.test.context.web.ServletTestExecutionListener@15dbc218, org.springframework.test.context.support.DirtiesContextBeforeModesTestExecutionListener@37e558a, org.springframework.boot.test.mock.mockito.MockitoTestExecutionListener@5b60272f, org.springframework.boot.test.autoconfigure.SpringBootDependencyInjectionTestExecutionListener@6161a78e, org.springframework.test.context.support.DirtiesContextTestExecutionListener@2a6162b8, org.springframework.test.context.transaction.TransactionalTestExecutionListener@5b42a07b, org.springframework.test.context.jdbc.SqlScriptsTestExecutionListener@1c1ad63, org.springframework.test.context.event.EventPublishingTestExecutionListener@6df03702, org.springframework.boot.test.autoconfigure.restdocs.RestDocsTestExecutionListener@4c25fca6, org.springframework.boot.test.autoconfigure.web.client.MockRestServiceServerResetTestExecutionListener@22acc21, org.springframework.boot.test.autoconfigure.web.servlet.MockMvcPrintOnlyOnFailureTestExecutionListener@e0cd3b2, org.springframework.boot.test.autoconfigure.web.servlet.WebDriverTestExecutionListener@6228ad56, org.springframework.boot.test.autoconfigure.webservices.client.MockWebServiceServerTestExecutionListener@18bbd79, org.springframework.boot.test.mock.mockito.ResetMocksTestExecutionListener@559422ad]

  .   ____          _            __ _ _
 /\\ / ___'_ __ _ _(_)_ __  __ _ \ \ \ \
( ( )\___ | '_ | '_| | '_ \/ _` | \ \ \ \
 \\/  ___)| |_)| | | | | || (_| |  ) ) ) )
  '  |____| .__|_| |_|_| |_\__, | / / / /
 =========|_|==============|___/=/_/_/_/
 :: Spring Boot ::        (v2.3.4.RELEASE)

2021-01-20 22:48:07.551  INFO 11612 --- [    Test worker] service.TrainServiceTest                 : Starting TrainServiceTest on DESKTOP-T1RQ59H with PID 11612 (started by piszc in C:\Users\piszc\OneDrive\Desktop\SKM projekt\SKM\simulator)
2021-01-20 22:48:07.552  INFO 11612 --- [    Test worker] service.TrainServiceTest                 : No active profile set, falling back to default profiles: default
2021-01-20 22:48:07.690  INFO 11612 --- [    Test worker] service.TrainServiceTest                 : Started TrainServiceTest in 0.173 seconds (JVM running for 3.191)
]]></system-out>
  <system-err><![CDATA[]]></system-err>
</testsuite>
