<?xml version="1.0" encoding="UTF-8"?>
<testsuite name="controller.UserControllerTest" tests="9" skipped="0" failures="0" errors="0" timestamp="2021-01-31T22:03:35" hostname="DESKTOP-T1RQ59H" time="0.13">
  <properties/>
  <testcase name="deleteAuthorityTest" classname="controller.UserControllerTest" time="0.046"/>
  <testcase name="addAuthorityTest" classname="controller.UserControllerTest" time="0.009"/>
  <testcase name="getAllUsers" classname="controller.UserControllerTest" time="0.01"/>
  <testcase name="setAuthorityTest" classname="controller.UserControllerTest" time="0.009"/>
  <testcase name="getUserByIDNotFound" classname="controller.UserControllerTest" time="0.008"/>
  <testcase name="modifyUser" classname="controller.UserControllerTest" time="0.012"/>
  <testcase name="deleteUserByIdAccepted" classname="controller.UserControllerTest" time="0.008"/>
  <testcase name="getUserByID" classname="controller.UserControllerTest" time="0.011"/>
  <testcase name="deleteUserByIdForbidden" classname="controller.UserControllerTest" time="0.008"/>
  <system-out><![CDATA[
  .   ____          _            __ _ _
 /\\ / ___'_ __ _ _(_)_ __  __ _ \ \ \ \
( ( )\___ | '_ | '_| | '_ \/ _` | \ \ \ \
 \\/  ___)| |_)| | | | | || (_| |  ) ) ) )
  '  |____| .__|_| |_|_| |_\__, | / / / /
 =========|_|==============|___/=/_/_/_/
 :: Spring Boot ::        (v2.3.4.RELEASE)

2021-01-31 23:03:34.859  INFO 9980 --- [    Test worker] controller.UserControllerTest            : Starting UserControllerTest on DESKTOP-T1RQ59H with PID 9980 (started by piszc in C:\Users\piszc\OneDrive\Desktop\SKM projekt\SKM\simulator)
2021-01-31 23:03:34.860  INFO 9980 --- [    Test worker] controller.UserControllerTest            : No active profile set, falling back to default profiles: default
2021-01-31 23:03:35.179  INFO 9980 --- [    Test worker] o.s.s.web.DefaultSecurityFilterChain     : Creating filter chain: any request, [org.springframework.security.web.context.request.async.WebAsyncManagerIntegrationFilter@fa166a0, org.springframework.security.web.context.SecurityContextPersistenceFilter@7b5f2c1c, org.springframework.security.web.header.HeaderWriterFilter@723d2cd4, org.springframework.security.web.authentication.logout.LogoutFilter@775f5305, pl.edu.pjatk.simulator.security.TokenAuthenticationFilter@60ac51cf, pl.edu.pjatk.simulator.security.TokenAuthorizationFilter@7fbce911, org.springframework.security.web.savedrequest.RequestCacheAwareFilter@2bacd8af, org.springframework.security.web.servletapi.SecurityContextHolderAwareRequestFilter@30ec1a82, org.springframework.security.web.authentication.AnonymousAuthenticationFilter@78b24fa9, org.springframework.security.web.session.SessionManagementFilter@5943810f, org.springframework.security.web.access.ExceptionTranslationFilter@4ee3d800, org.springframework.security.web.access.intercept.FilterSecurityInterceptor@554a586f]
2021-01-31 23:03:35.371  INFO 9980 --- [    Test worker] o.s.s.concurrent.ThreadPoolTaskExecutor  : Initializing ExecutorService 'applicationTaskExecutor'
2021-01-31 23:03:35.569  INFO 9980 --- [    Test worker] o.s.b.t.m.w.SpringBootMockServletContext : Initializing Spring TestDispatcherServlet ''
2021-01-31 23:03:35.569  INFO 9980 --- [    Test worker] o.s.t.web.servlet.TestDispatcherServlet  : Initializing Servlet ''
2021-01-31 23:03:35.582  INFO 9980 --- [    Test worker] o.s.t.web.servlet.TestDispatcherServlet  : Completed initialization in 12 ms
2021-01-31 23:03:35.597  INFO 9980 --- [    Test worker] controller.UserControllerTest            : Started UserControllerTest in 0.766 seconds (JVM running for 12.3)
]]></system-out>
  <system-err><![CDATA[]]></system-err>
</testsuite>
