<?xml version="1.0" encoding="UTF-8"?>
<testsuite name="controller.RegisterControllerTest" tests="2" skipped="0" failures="0" errors="0" timestamp="2021-01-31T22:03:34" hostname="DESKTOP-T1RQ59H" time="0.106">
  <properties/>
  <testcase name="addUserWithExistingUsername" classname="controller.RegisterControllerTest" time="0.095"/>
  <testcase name="addUser" classname="controller.RegisterControllerTest" time="0.01"/>
  <system-out><![CDATA[
  .   ____          _            __ _ _
 /\\ / ___'_ __ _ _(_)_ __  __ _ \ \ \ \
( ( )\___ | '_ | '_| | '_ \/ _` | \ \ \ \
 \\/  ___)| |_)| | | | | || (_| |  ) ) ) )
  '  |____| .__|_| |_|_| |_\__, | / / / /
 =========|_|==============|___/=/_/_/_/
 :: Spring Boot ::        (v2.3.4.RELEASE)

2021-01-31 23:03:33.916  INFO 9980 --- [    Test worker] controller.RegisterControllerTest        : Starting RegisterControllerTest on DESKTOP-T1RQ59H with PID 9980 (started by piszc in C:\Users\piszc\OneDrive\Desktop\SKM projekt\SKM\simulator)
2021-01-31 23:03:33.916  INFO 9980 --- [    Test worker] controller.RegisterControllerTest        : No active profile set, falling back to default profiles: default
2021-01-31 23:03:34.289  INFO 9980 --- [    Test worker] o.s.s.web.DefaultSecurityFilterChain     : Creating filter chain: any request, [org.springframework.security.web.context.request.async.WebAsyncManagerIntegrationFilter@6813da64, org.springframework.security.web.context.SecurityContextPersistenceFilter@f66813c, org.springframework.security.web.header.HeaderWriterFilter@3ca10a97, org.springframework.security.web.authentication.logout.LogoutFilter@6525fd8, pl.edu.pjatk.simulator.security.TokenAuthenticationFilter@49328c9b, pl.edu.pjatk.simulator.security.TokenAuthorizationFilter@79033ce5, org.springframework.security.web.savedrequest.RequestCacheAwareFilter@9df5b26, org.springframework.security.web.servletapi.SecurityContextHolderAwareRequestFilter@3d1e1d38, org.springframework.security.web.authentication.AnonymousAuthenticationFilter@5fe29107, org.springframework.security.web.session.SessionManagementFilter@58bb047a, org.springframework.security.web.access.ExceptionTranslationFilter@791fe402, org.springframework.security.web.access.intercept.FilterSecurityInterceptor@542e4d37]
2021-01-31 23:03:34.515  INFO 9980 --- [    Test worker] o.s.s.concurrent.ThreadPoolTaskExecutor  : Initializing ExecutorService 'applicationTaskExecutor'
2021-01-31 23:03:34.688  INFO 9980 --- [    Test worker] o.s.b.t.m.w.SpringBootMockServletContext : Initializing Spring TestDispatcherServlet ''
2021-01-31 23:03:34.688  INFO 9980 --- [    Test worker] o.s.t.web.servlet.TestDispatcherServlet  : Initializing Servlet ''
2021-01-31 23:03:34.697  INFO 9980 --- [    Test worker] o.s.t.web.servlet.TestDispatcherServlet  : Completed initialization in 9 ms
2021-01-31 23:03:34.712  INFO 9980 --- [    Test worker] controller.RegisterControllerTest        : Started RegisterControllerTest in 0.835 seconds (JVM running for 11.416)
]]></system-out>
  <system-err><![CDATA[]]></system-err>
</testsuite>
