<?xml version="1.0" encoding="UTF-8"?>
<testsuite name="SKMApplicationTest" tests="1" skipped="0" failures="0" errors="0" timestamp="2021-01-31T22:03:33" hostname="DESKTOP-T1RQ59H" time="0.004">
  <properties/>
  <testcase name="contextLoads()" classname="SKMApplicationTest" time="0.004"/>
  <system-out><![CDATA[2021-01-31 23:03:29.107  INFO 9980 --- [    Test worker] .b.t.c.SpringBootTestContextBootstrapper : Neither @ContextConfiguration nor @ContextHierarchy found for test class [SKMApplicationTest], using SpringBootContextLoader
2021-01-31 23:03:29.109  INFO 9980 --- [    Test worker] o.s.t.c.support.AbstractContextLoader    : Could not detect default resource locations for test class [SKMApplicationTest]: no resource found for suffixes {-context.xml, Context.groovy}.
2021-01-31 23:03:29.124  INFO 9980 --- [    Test worker] .b.t.c.SpringBootTestContextBootstrapper : Loaded default TestExecutionListener class names from location [META-INF/spring.factories]: [org.springframework.security.test.context.support.WithSecurityContextTestExecutionListener, org.springframework.security.test.context.support.ReactorContextTestExecutionListener, org.springframework.boot.test.autoconfigure.restdocs.RestDocsTestExecutionListener, org.springframework.boot.test.autoconfigure.web.client.MockRestServiceServerResetTestExecutionListener, org.springframework.boot.test.autoconfigure.web.servlet.MockMvcPrintOnlyOnFailureTestExecutionListener, org.springframework.boot.test.autoconfigure.web.servlet.WebDriverTestExecutionListener, org.springframework.boot.test.autoconfigure.webservices.client.MockWebServiceServerTestExecutionListener, org.springframework.boot.test.mock.mockito.MockitoTestExecutionListener, org.springframework.boot.test.mock.mockito.ResetMocksTestExecutionListener, org.springframework.test.context.web.ServletTestExecutionListener, org.springframework.test.context.support.DirtiesContextBeforeModesTestExecutionListener, org.springframework.test.context.support.DependencyInjectionTestExecutionListener, org.springframework.test.context.support.DirtiesContextTestExecutionListener, org.springframework.test.context.transaction.TransactionalTestExecutionListener, org.springframework.test.context.jdbc.SqlScriptsTestExecutionListener, org.springframework.test.context.event.EventPublishingTestExecutionListener]
2021-01-31 23:03:29.125  INFO 9980 --- [    Test worker] .b.t.c.SpringBootTestContextBootstrapper : Using TestExecutionListeners: [org.springframework.test.context.web.ServletTestExecutionListener@1f07681a, org.springframework.test.context.support.DirtiesContextBeforeModesTestExecutionListener@4ca4a282, org.springframework.boot.test.mock.mockito.MockitoTestExecutionListener@196e5b9b, org.springframework.boot.test.autoconfigure.SpringBootDependencyInjectionTestExecutionListener@6c6fc19a, org.springframework.test.context.support.DirtiesContextTestExecutionListener@480c33b5, org.springframework.test.context.transaction.TransactionalTestExecutionListener@21d53884, org.springframework.test.context.jdbc.SqlScriptsTestExecutionListener@4a8c0da6, org.springframework.security.test.context.support.WithSecurityContextTestExecutionListener@58fd667c, org.springframework.test.context.event.EventPublishingTestExecutionListener@7145774d, org.springframework.security.test.context.support.ReactorContextTestExecutionListener@79dc60f9, org.springframework.boot.test.autoconfigure.restdocs.RestDocsTestExecutionListener@5397b359, org.springframework.boot.test.autoconfigure.web.client.MockRestServiceServerResetTestExecutionListener@606ae1d1, org.springframework.boot.test.autoconfigure.web.servlet.MockMvcPrintOnlyOnFailureTestExecutionListener@3a4f1d8e, org.springframework.boot.test.autoconfigure.web.servlet.WebDriverTestExecutionListener@200e6996, org.springframework.boot.test.autoconfigure.webservices.client.MockWebServiceServerTestExecutionListener@4e6d0bb5, org.springframework.boot.test.mock.mockito.ResetMocksTestExecutionListener@79be1fc0]

  .   ____          _            __ _ _
 /\\ / ___'_ __ _ _(_)_ __  __ _ \ \ \ \
( ( )\___ | '_ | '_| | '_ \/ _` | \ \ \ \
 \\/  ___)| |_)| | | | | || (_| |  ) ) ) )
  '  |____| .__|_| |_|_| |_\__, | / / / /
 =========|_|==============|___/=/_/_/_/
 :: Spring Boot ::        (v2.3.4.RELEASE)

2021-01-31 23:03:29.173  INFO 9980 --- [    Test worker] SKMApplicationTest                       : Starting SKMApplicationTest on DESKTOP-T1RQ59H with PID 9980 (started by piszc in C:\Users\piszc\OneDrive\Desktop\SKM projekt\SKM\simulator)
2021-01-31 23:03:29.174  INFO 9980 --- [    Test worker] SKMApplicationTest                       : No active profile set, falling back to default profiles: default
2021-01-31 23:03:29.661  INFO 9980 --- [    Test worker] .s.d.r.c.RepositoryConfigurationDelegate : Bootstrapping Spring Data JPA repositories in DEFERRED mode.
2021-01-31 23:03:29.770  INFO 9980 --- [    Test worker] .s.d.r.c.RepositoryConfigurationDelegate : Finished Spring Data repository scanning in 98ms. Found 5 JPA repository interfaces.
2021-01-31 23:03:30.204  INFO 9980 --- [    Test worker] com.zaxxer.hikari.HikariDataSource       : HikariPool-1 - Starting...
2021-01-31 23:03:30.463  INFO 9980 --- [    Test worker] com.zaxxer.hikari.HikariDataSource       : HikariPool-1 - Start completed.
2021-01-31 23:03:30.923  INFO 9980 --- [    Test worker] liquibase.lockservice                    : Successfully acquired change log lock
2021-01-31 23:03:31.322  INFO 9980 --- [    Test worker] liquibase.changelog                      : Creating database history table with name: PUBLIC.DATABASECHANGELOG
2021-01-31 23:03:31.327  INFO 9980 --- [    Test worker] liquibase.changelog                      : Reading from PUBLIC.DATABASECHANGELOG
2021-01-31 23:03:31.418  INFO 9980 --- [    Test worker] liquibase.changelog                      : Table stations created
2021-01-31 23:03:31.431  INFO 9980 --- [    Test worker] liquibase.changelog                      : Table trains created
2021-01-31 23:03:31.433  INFO 9980 --- [    Test worker] liquibase.changelog                      : Table compartments created
2021-01-31 23:03:31.440  INFO 9980 --- [    Test worker] liquibase.changelog                      : Table occupants created
2021-01-31 23:03:31.440  INFO 9980 --- [    Test worker] liquibase.changelog                      : ChangeSet db/changelog/table/init-tables.yml::2020_12_20-initial-tables::artur.piszczatowski ran successfully in 28ms
2021-01-31 23:03:31.488  INFO 9980 --- [    Test worker] liquibase.changelog                      : Table users created
2021-01-31 23:03:31.488  INFO 9980 --- [    Test worker] liquibase.changelog                      : ChangeSet db/changelog/table/init-tables.yml::2021_01_30-security-tables::artur.piszczatowski ran successfully in 27ms
2021-01-31 23:03:31.511  INFO 9980 --- [    Test worker] liquibase.changelog                      : SQL in file db/changelog/data/sql/insert-stations.sql executed
2021-01-31 23:03:31.511  INFO 9980 --- [    Test worker] liquibase.changelog                      : ChangeSet db/changelog/data/init-data-insert-stations.yml::20201222::artur.piszczatowski ran successfully in 20ms
2021-01-31 23:03:31.526  INFO 9980 --- [    Test worker] liquibase.changelog                      : SQL in file db/changelog/data/sql/insert-trains.sql executed
2021-01-31 23:03:31.529  INFO 9980 --- [    Test worker] liquibase.changelog                      : ChangeSet db/changelog/data/init-data-insert-trains.yml::20201222::artur.piszczatowski ran successfully in 16ms
2021-01-31 23:03:31.569  INFO 9980 --- [    Test worker] liquibase.changelog                      : SQL in file db/changelog/data/sql/insert-compartments.sql executed
2021-01-31 23:03:31.571  INFO 9980 --- [    Test worker] liquibase.changelog                      : ChangeSet db/changelog/data/init-data-insert-compartments.yml::20201222::artur.piszczatowski ran successfully in 38ms
2021-01-31 23:03:31.584  INFO 9980 --- [    Test worker] liquibase.lockservice                    : Successfully released change log lock
2021-01-31 23:03:31.721  INFO 9980 --- [    Test worker] o.s.s.concurrent.ThreadPoolTaskExecutor  : Initializing ExecutorService 'applicationTaskExecutor'
2021-01-31 23:03:31.828  INFO 9980 --- [         task-1] o.hibernate.jpa.internal.util.LogHelper  : HHH000204: Processing PersistenceUnitInfo [name: default]
2021-01-31 23:03:31.965  INFO 9980 --- [         task-1] org.hibernate.Version                    : HHH000412: Hibernate ORM core version 5.4.21.Final
2021-01-31 23:03:32.004  WARN 9980 --- [    Test worker] JpaBaseConfiguration$JpaWebConfiguration : spring.jpa.open-in-view is enabled by default. Therefore, database queries may be performed during view rendering. Explicitly configure spring.jpa.open-in-view to disable this warning
2021-01-31 23:03:32.080  INFO 9980 --- [         task-1] o.hibernate.annotations.common.Version   : HCANN000001: Hibernate Commons Annotations {5.1.0.Final}
2021-01-31 23:03:32.222  INFO 9980 --- [    Test worker] o.s.s.web.DefaultSecurityFilterChain     : Creating filter chain: any request, [org.springframework.security.web.context.request.async.WebAsyncManagerIntegrationFilter@66f7d92, org.springframework.security.web.context.SecurityContextPersistenceFilter@1ce7514e, org.springframework.security.web.header.HeaderWriterFilter@71947ccb, org.springframework.security.web.authentication.logout.LogoutFilter@4c0ce0a4, pl.edu.pjatk.simulator.security.TokenAuthenticationFilter@6933e1a2, pl.edu.pjatk.simulator.security.TokenAuthorizationFilter@18cf06f5, org.springframework.security.web.savedrequest.RequestCacheAwareFilter@2ee6c50e, org.springframework.security.web.servletapi.SecurityContextHolderAwareRequestFilter@7cc6963d, org.springframework.security.web.authentication.AnonymousAuthenticationFilter@41703f96, org.springframework.security.web.session.SessionManagementFilter@492bf789, org.springframework.security.web.access.ExceptionTranslationFilter@111474e8, org.springframework.security.web.access.intercept.FilterSecurityInterceptor@4683eca6]
2021-01-31 23:03:32.460  INFO 9980 --- [         task-1] org.hibernate.dialect.Dialect            : HHH000400: Using dialect: org.hibernate.dialect.H2Dialect
2021-01-31 23:03:33.208  INFO 9980 --- [    Test worker] DeferredRepositoryInitializationListener : Triggering deferred initialization of Spring Data repositories…
2021-01-31 23:03:33.474  INFO 9980 --- [         task-1] o.h.e.t.j.p.i.JtaPlatformInitiator       : HHH000490: Using JtaPlatform implementation: [org.hibernate.engine.transaction.jta.platform.internal.NoJtaPlatform]
2021-01-31 23:03:33.488  INFO 9980 --- [         task-1] j.LocalContainerEntityManagerFactoryBean : Initialized JPA EntityManagerFactory for persistence unit 'default'
2021-01-31 23:03:33.838  INFO 9980 --- [    Test worker] DeferredRepositoryInitializationListener : Spring Data repositories initialized!
2021-01-31 23:03:33.843  INFO 9980 --- [    Test worker] SKMApplicationTest                       : Started SKMApplicationTest in 4.711 seconds (JVM running for 10.546)
]]></system-out>
  <system-err><![CDATA[liquibase.parser.core.ParsedNodeException: Multiple nodes match null/onFail
	at liquibase.parser.core.ParsedNode.getChild(ParsedNode.java:172)
	at liquibase.parser.core.ParsedNode.getChildValue(ParsedNode.java:277)
	at liquibase.parser.core.ParsedNode.getChildValue(ParsedNode.java:218)
	at liquibase.precondition.core.PreconditionContainer.load(PreconditionContainer.java:275)
	at liquibase.changelog.ChangeSet.handleChildNode(ChangeSet.java:413)
	at liquibase.changelog.ChangeSet.load(ChangeSet.java:348)
	at liquibase.changelog.DatabaseChangeLog.createChangeSet(DatabaseChangeLog.java:627)
	at liquibase.changelog.DatabaseChangeLog.handleChildNode(DatabaseChangeLog.java:352)
	at liquibase.changelog.DatabaseChangeLog.load(DatabaseChangeLog.java:320)
	at liquibase.parser.core.yaml.YamlChangeLogParser.parse(YamlChangeLogParser.java:82)
	at liquibase.changelog.DatabaseChangeLog.include(DatabaseChangeLog.java:586)
	at liquibase.changelog.DatabaseChangeLog.handleChildNode(DatabaseChangeLog.java:365)
	at liquibase.changelog.DatabaseChangeLog.load(DatabaseChangeLog.java:320)
	at liquibase.parser.core.yaml.YamlChangeLogParser.parse(YamlChangeLogParser.java:82)
	at liquibase.Liquibase.getDatabaseChangeLog(Liquibase.java:337)
	at liquibase.Liquibase.lambda$update$1(Liquibase.java:229)
	at liquibase.Scope.lambda$child$0(Scope.java:160)
	at liquibase.Scope.child(Scope.java:169)
	at liquibase.Scope.child(Scope.java:159)
	at liquibase.Scope.child(Scope.java:138)
	at liquibase.Liquibase.runInScope(Liquibase.java:2277)
	at liquibase.Liquibase.update(Liquibase.java:215)
	at liquibase.Liquibase.update(Liquibase.java:201)
	at liquibase.integration.spring.SpringLiquibase.performUpdate(SpringLiquibase.java:321)
	at liquibase.integration.spring.SpringLiquibase.afterPropertiesSet(SpringLiquibase.java:269)
	at org.springframework.beans.factory.support.AbstractAutowireCapableBeanFactory.invokeInitMethods(AbstractAutowireCapableBeanFactory.java:1853)
	at org.springframework.beans.factory.support.AbstractAutowireCapableBeanFactory.initializeBean(AbstractAutowireCapableBeanFactory.java:1790)
	at org.springframework.beans.factory.support.AbstractAutowireCapableBeanFactory.doCreateBean(AbstractAutowireCapableBeanFactory.java:594)
	at org.springframework.beans.factory.support.AbstractAutowireCapableBeanFactory.createBean(AbstractAutowireCapableBeanFactory.java:516)
	at org.springframework.beans.factory.support.AbstractBeanFactory.lambda$doGetBean$0(AbstractBeanFactory.java:324)
	at org.springframework.beans.factory.support.DefaultSingletonBeanRegistry.getSingleton(DefaultSingletonBeanRegistry.java:234)
	at org.springframework.beans.factory.support.AbstractBeanFactory.doGetBean(AbstractBeanFactory.java:322)
	at org.springframework.beans.factory.support.AbstractBeanFactory.getBean(AbstractBeanFactory.java:202)
	at org.springframework.beans.factory.support.AbstractBeanFactory.doGetBean(AbstractBeanFactory.java:311)
	at org.springframework.beans.factory.support.AbstractBeanFactory.getBean(AbstractBeanFactory.java:202)
	at org.springframework.context.support.AbstractApplicationContext.getBean(AbstractApplicationContext.java:1109)
	at org.springframework.context.support.AbstractApplicationContext.finishBeanFactoryInitialization(AbstractApplicationContext.java:869)
	at org.springframework.context.support.AbstractApplicationContext.refresh(AbstractApplicationContext.java:551)
	at org.springframework.boot.SpringApplication.refresh(SpringApplication.java:758)
	at org.springframework.boot.SpringApplication.refresh(SpringApplication.java:750)
	at org.springframework.boot.SpringApplication.refreshContext(SpringApplication.java:397)
	at org.springframework.boot.SpringApplication.run(SpringApplication.java:315)
	at org.springframework.boot.test.context.SpringBootContextLoader.loadContext(SpringBootContextLoader.java:120)
	at org.springframework.test.context.cache.DefaultCacheAwareContextLoaderDelegate.loadContextInternal(DefaultCacheAwareContextLoaderDelegate.java:99)
	at org.springframework.test.context.cache.DefaultCacheAwareContextLoaderDelegate.loadContext(DefaultCacheAwareContextLoaderDelegate.java:124)
	at org.springframework.test.context.support.DefaultTestContext.getApplicationContext(DefaultTestContext.java:123)
	at org.springframework.test.context.web.ServletTestExecutionListener.setUpRequestContextIfNecessary(ServletTestExecutionListener.java:190)
	at org.springframework.test.context.web.ServletTestExecutionListener.prepareTestInstance(ServletTestExecutionListener.java:132)
	at org.springframework.test.context.TestContextManager.prepareTestInstance(TestContextManager.java:244)
	at org.springframework.test.context.junit.jupiter.SpringExtension.postProcessTestInstance(SpringExtension.java:98)
	at org.junit.jupiter.engine.descriptor.ClassBasedTestDescriptor.lambda$invokeTestInstancePostProcessors$5(ClassBasedTestDescriptor.java:341)
	at org.junit.jupiter.engine.descriptor.ClassBasedTestDescriptor.executeAndMaskThrowable(ClassBasedTestDescriptor.java:346)
	at org.junit.jupiter.engine.descriptor.ClassBasedTestDescriptor.lambda$invokeTestInstancePostProcessors$6(ClassBasedTestDescriptor.java:341)
	at java.base/java.util.stream.ReferencePipeline$3$1.accept(ReferencePipeline.java:195)
	at java.base/java.util.stream.ReferencePipeline$2$1.accept(ReferencePipeline.java:177)
	at java.base/java.util.ArrayList$ArrayListSpliterator.forEachRemaining(ArrayList.java:1625)
	at java.base/java.util.stream.AbstractPipeline.copyInto(AbstractPipeline.java:484)
	at java.base/java.util.stream.AbstractPipeline.wrapAndCopyInto(AbstractPipeline.java:474)
	at java.base/java.util.stream.StreamSpliterators$WrappingSpliterator.forEachRemaining(StreamSpliterators.java:312)
	at java.base/java.util.stream.Streams$ConcatSpliterator.forEachRemaining(Streams.java:735)
	at java.base/java.util.stream.Streams$ConcatSpliterator.forEachRemaining(Streams.java:734)
	at java.base/java.util.stream.ReferencePipeline$Head.forEach(ReferencePipeline.java:658)
	at org.junit.jupiter.engine.descriptor.ClassBasedTestDescriptor.invokeTestInstancePostProcessors(ClassBasedTestDescriptor.java:340)
	at org.junit.jupiter.engine.descriptor.ClassBasedTestDescriptor.instantiateAndPostProcessTestInstance(ClassBasedTestDescriptor.java:263)
	at org.junit.jupiter.engine.descriptor.ClassBasedTestDescriptor.lambda$testInstancesProvider$2(ClassBasedTestDescriptor.java:256)
	at java.base/java.util.Optional.orElseGet(Optional.java:362)
	at org.junit.jupiter.engine.descriptor.ClassBasedTestDescriptor.lambda$testInstancesProvider$3(ClassBasedTestDescriptor.java:255)
	at org.junit.jupiter.engine.execution.TestInstancesProvider.getTestInstances(TestInstancesProvider.java:29)
	at org.junit.jupiter.engine.descriptor.TestMethodTestDescriptor.lambda$prepare$0(TestMethodTestDescriptor.java:108)
	at org.junit.platform.engine.support.hierarchical.ThrowableCollector.execute(ThrowableCollector.java:73)
	at org.junit.jupiter.engine.descriptor.TestMethodTestDescriptor.prepare(TestMethodTestDescriptor.java:107)
	at org.junit.jupiter.engine.descriptor.TestMethodTestDescriptor.prepare(TestMethodTestDescriptor.java:71)
	at org.junit.platform.engine.support.hierarchical.NodeTestTask.lambda$prepare$1(NodeTestTask.java:107)
	at org.junit.platform.engine.support.hierarchical.ThrowableCollector.execute(ThrowableCollector.java:73)
	at org.junit.platform.engine.support.hierarchical.NodeTestTask.prepare(NodeTestTask.java:107)
	at org.junit.platform.engine.support.hierarchical.NodeTestTask.execute(NodeTestTask.java:75)
	at java.base/java.util.ArrayList.forEach(ArrayList.java:1511)
	at org.junit.platform.engine.support.hierarchical.SameThreadHierarchicalTestExecutorService.invokeAll(SameThreadHierarchicalTestExecutorService.java:38)
	at org.junit.platform.engine.support.hierarchical.NodeTestTask.lambda$executeRecursively$5(NodeTestTask.java:139)
	at org.junit.platform.engine.support.hierarchical.ThrowableCollector.execute(ThrowableCollector.java:73)
	at org.junit.platform.engine.support.hierarchical.NodeTestTask.lambda$executeRecursively$7(NodeTestTask.java:125)
	at org.junit.platform.engine.support.hierarchical.Node.around(Node.java:135)
	at org.junit.platform.engine.support.hierarchical.NodeTestTask.lambda$executeRecursively$8(NodeTestTask.java:123)
	at org.junit.platform.engine.support.hierarchical.ThrowableCollector.execute(ThrowableCollector.java:73)
	at org.junit.platform.engine.support.hierarchical.NodeTestTask.executeRecursively(NodeTestTask.java:122)
	at org.junit.platform.engine.support.hierarchical.NodeTestTask.execute(NodeTestTask.java:80)
	at java.base/java.util.ArrayList.forEach(ArrayList.java:1511)
	at org.junit.platform.engine.support.hierarchical.SameThreadHierarchicalTestExecutorService.invokeAll(SameThreadHierarchicalTestExecutorService.java:38)
	at org.junit.platform.engine.support.hierarchical.NodeTestTask.lambda$executeRecursively$5(NodeTestTask.java:139)
	at org.junit.platform.engine.support.hierarchical.ThrowableCollector.execute(ThrowableCollector.java:73)
	at org.junit.platform.engine.support.hierarchical.NodeTestTask.lambda$executeRecursively$7(NodeTestTask.java:125)
	at org.junit.platform.engine.support.hierarchical.Node.around(Node.java:135)
	at org.junit.platform.engine.support.hierarchical.NodeTestTask.lambda$executeRecursively$8(NodeTestTask.java:123)
	at org.junit.platform.engine.support.hierarchical.ThrowableCollector.execute(ThrowableCollector.java:73)
	at org.junit.platform.engine.support.hierarchical.NodeTestTask.executeRecursively(NodeTestTask.java:122)
	at org.junit.platform.engine.support.hierarchical.NodeTestTask.execute(NodeTestTask.java:80)
	at org.junit.platform.engine.support.hierarchical.SameThreadHierarchicalTestExecutorService.submit(SameThreadHierarchicalTestExecutorService.java:32)
	at org.junit.platform.engine.support.hierarchical.HierarchicalTestExecutor.execute(HierarchicalTestExecutor.java:57)
	at org.junit.platform.engine.support.hierarchical.HierarchicalTestEngine.execute(HierarchicalTestEngine.java:51)
	at org.junit.platform.launcher.core.DefaultLauncher.execute(DefaultLauncher.java:248)
	at org.junit.platform.launcher.core.DefaultLauncher.lambda$execute$5(DefaultLauncher.java:211)
	at org.junit.platform.launcher.core.DefaultLauncher.withInterceptedStreams(DefaultLauncher.java:226)
	at org.junit.platform.launcher.core.DefaultLauncher.execute(DefaultLauncher.java:199)
	at org.junit.platform.launcher.core.DefaultLauncher.execute(DefaultLauncher.java:132)
	at org.gradle.api.internal.tasks.testing.junitplatform.JUnitPlatformTestClassProcessor$CollectAllTestClassesExecutor.processAllTestClasses(JUnitPlatformTestClassProcessor.java:99)
	at org.gradle.api.internal.tasks.testing.junitplatform.JUnitPlatformTestClassProcessor$CollectAllTestClassesExecutor.access$000(JUnitPlatformTestClassProcessor.java:79)
	at org.gradle.api.internal.tasks.testing.junitplatform.JUnitPlatformTestClassProcessor.stop(JUnitPlatformTestClassProcessor.java:75)
	at org.gradle.api.internal.tasks.testing.SuiteTestClassProcessor.stop(SuiteTestClassProcessor.java:61)
	at java.base/jdk.internal.reflect.NativeMethodAccessorImpl.invoke0(Native Method)
	at java.base/jdk.internal.reflect.NativeMethodAccessorImpl.invoke(NativeMethodAccessorImpl.java:64)
	at java.base/jdk.internal.reflect.DelegatingMethodAccessorImpl.invoke(DelegatingMethodAccessorImpl.java:43)
	at java.base/java.lang.reflect.Method.invoke(Method.java:564)
	at org.gradle.internal.dispatch.ReflectionDispatch.dispatch(ReflectionDispatch.java:36)
	at org.gradle.internal.dispatch.ReflectionDispatch.dispatch(ReflectionDispatch.java:24)
	at org.gradle.internal.dispatch.ContextClassLoaderDispatch.dispatch(ContextClassLoaderDispatch.java:33)
	at org.gradle.internal.dispatch.ProxyDispatchAdapter$DispatchingInvocationHandler.invoke(ProxyDispatchAdapter.java:94)
	at com.sun.proxy.$Proxy2.stop(Unknown Source)
	at org.gradle.api.internal.tasks.testing.worker.TestWorker.stop(TestWorker.java:133)
	at java.base/jdk.internal.reflect.NativeMethodAccessorImpl.invoke0(Native Method)
	at java.base/jdk.internal.reflect.NativeMethodAccessorImpl.invoke(NativeMethodAccessorImpl.java:64)
	at java.base/jdk.internal.reflect.DelegatingMethodAccessorImpl.invoke(DelegatingMethodAccessorImpl.java:43)
	at java.base/java.lang.reflect.Method.invoke(Method.java:564)
	at org.gradle.internal.dispatch.ReflectionDispatch.dispatch(ReflectionDispatch.java:36)
	at org.gradle.internal.dispatch.ReflectionDispatch.dispatch(ReflectionDispatch.java:24)
	at org.gradle.internal.remote.internal.hub.MessageHubBackedObjectConnection$DispatchWrapper.dispatch(MessageHubBackedObjectConnection.java:182)
	at org.gradle.internal.remote.internal.hub.MessageHubBackedObjectConnection$DispatchWrapper.dispatch(MessageHubBackedObjectConnection.java:164)
	at org.gradle.internal.remote.internal.hub.MessageHub$Handler.run(MessageHub.java:414)
	at org.gradle.internal.concurrent.ExecutorPolicy$CatchAndRecordFailures.onExecute(ExecutorPolicy.java:64)
	at org.gradle.internal.concurrent.ManagedExecutorImpl$1.run(ManagedExecutorImpl.java:48)
	at java.base/java.util.concurrent.ThreadPoolExecutor.runWorker(ThreadPoolExecutor.java:1130)
	at java.base/java.util.concurrent.ThreadPoolExecutor$Worker.run(ThreadPoolExecutor.java:630)
	at org.gradle.internal.concurrent.ThreadFactoryImpl$ManagedThreadRunnable.run(ThreadFactoryImpl.java:56)
	at java.base/java.lang.Thread.run(Thread.java:832)
]]></system-err>
</testsuite>
