<?xml version="1.0" encoding="UTF-8"?>
<testsuite name="controller.TrainControllerTest" tests="3" skipped="0" failures="0" errors="0" timestamp="2021-01-31T22:03:28" hostname="DESKTOP-T1RQ59H" time="0.195">
  <properties/>
  <testcase name="getTrainByIdIsNotFound()" classname="controller.TrainControllerTest" time="0.081"/>
  <testcase name="getAllTrains()" classname="controller.TrainControllerTest" time="0.026"/>
  <testcase name="getTrainById()" classname="controller.TrainControllerTest" time="0.084"/>
  <system-out><![CDATA[2021-01-31 23:03:27.315  INFO 9980 --- [    Test worker] o.s.t.c.support.AbstractContextLoader    : Could not detect default resource locations for test class [controller.TrainControllerTest]: no resource found for suffixes {-context.xml, Context.groovy}.
2021-01-31 23:03:27.321  INFO 9980 --- [    Test worker] .b.t.a.w.s.WebMvcTestContextBootstrapper : Loaded default TestExecutionListener class names from location [META-INF/spring.factories]: [org.springframework.security.test.context.support.WithSecurityContextTestExecutionListener, org.springframework.security.test.context.support.ReactorContextTestExecutionListener, org.springframework.boot.test.autoconfigure.restdocs.RestDocsTestExecutionListener, org.springframework.boot.test.autoconfigure.web.client.MockRestServiceServerResetTestExecutionListener, org.springframework.boot.test.autoconfigure.web.servlet.MockMvcPrintOnlyOnFailureTestExecutionListener, org.springframework.boot.test.autoconfigure.web.servlet.WebDriverTestExecutionListener, org.springframework.boot.test.autoconfigure.webservices.client.MockWebServiceServerTestExecutionListener, org.springframework.boot.test.mock.mockito.MockitoTestExecutionListener, org.springframework.boot.test.mock.mockito.ResetMocksTestExecutionListener, org.springframework.test.context.web.ServletTestExecutionListener, org.springframework.test.context.support.DirtiesContextBeforeModesTestExecutionListener, org.springframework.test.context.support.DependencyInjectionTestExecutionListener, org.springframework.test.context.support.DirtiesContextTestExecutionListener, org.springframework.test.context.transaction.TransactionalTestExecutionListener, org.springframework.test.context.jdbc.SqlScriptsTestExecutionListener, org.springframework.test.context.event.EventPublishingTestExecutionListener]
2021-01-31 23:03:27.323  INFO 9980 --- [    Test worker] .b.t.a.w.s.WebMvcTestContextBootstrapper : Using TestExecutionListeners: [org.springframework.test.context.web.ServletTestExecutionListener@229864d8, org.springframework.test.context.support.DirtiesContextBeforeModesTestExecutionListener@bb84233, org.springframework.boot.test.mock.mockito.MockitoTestExecutionListener@7402c142, org.springframework.boot.test.autoconfigure.SpringBootDependencyInjectionTestExecutionListener@3ed8ae7b, org.springframework.test.context.support.DirtiesContextTestExecutionListener@5f07b3dc, org.springframework.test.context.transaction.TransactionalTestExecutionListener@16e7cbd5, org.springframework.test.context.jdbc.SqlScriptsTestExecutionListener@748d109a, org.springframework.security.test.context.support.WithSecurityContextTestExecutionListener@fddc306, org.springframework.test.context.event.EventPublishingTestExecutionListener@6d261872, org.springframework.security.test.context.support.ReactorContextTestExecutionListener@45b7df60, org.springframework.boot.test.autoconfigure.restdocs.RestDocsTestExecutionListener@59a20e8c, org.springframework.boot.test.autoconfigure.web.client.MockRestServiceServerResetTestExecutionListener@3806234d, org.springframework.boot.test.autoconfigure.web.servlet.MockMvcPrintOnlyOnFailureTestExecutionListener@653e59b7, org.springframework.boot.test.autoconfigure.web.servlet.WebDriverTestExecutionListener@1e09c6af, org.springframework.boot.test.autoconfigure.webservices.client.MockWebServiceServerTestExecutionListener@57167d8c, org.springframework.boot.test.mock.mockito.ResetMocksTestExecutionListener@5e833068]

  .   ____          _            __ _ _
 /\\ / ___'_ __ _ _(_)_ __  __ _ \ \ \ \
( ( )\___ | '_ | '_| | '_ \/ _` | \ \ \ \
 \\/  ___)| |_)| | | | | || (_| |  ) ) ) )
  '  |____| .__|_| |_|_| |_\__, | / / / /
 =========|_|==============|___/=/_/_/_/
 :: Spring Boot ::        (v2.3.4.RELEASE)

2021-01-31 23:03:27.375  INFO 9980 --- [    Test worker] controller.TrainControllerTest           : Starting TrainControllerTest on DESKTOP-T1RQ59H with PID 9980 (started by piszc in C:\Users\piszc\OneDrive\Desktop\SKM projekt\SKM\simulator)
2021-01-31 23:03:27.378  INFO 9980 --- [    Test worker] controller.TrainControllerTest           : No active profile set, falling back to default profiles: default
2021-01-31 23:03:28.151  INFO 9980 --- [    Test worker] o.s.s.concurrent.ThreadPoolTaskExecutor  : Initializing ExecutorService 'applicationTaskExecutor'
2021-01-31 23:03:28.437  INFO 9980 --- [    Test worker] .s.s.UserDetailsServiceAutoConfiguration : 

Using generated security password: 0de25382-f6a2-4a5c-a80d-462e751b9d8e

2021-01-31 23:03:28.593  INFO 9980 --- [    Test worker] o.s.s.web.DefaultSecurityFilterChain     : Creating filter chain: any request, [org.springframework.security.web.context.request.async.WebAsyncManagerIntegrationFilter@2db8ae47, org.springframework.security.web.context.SecurityContextPersistenceFilter@298eca00, org.springframework.security.web.header.HeaderWriterFilter@4110d595, org.springframework.security.web.csrf.CsrfFilter@3f784814, org.springframework.security.web.authentication.logout.LogoutFilter@79b5f160, org.springframework.security.web.authentication.UsernamePasswordAuthenticationFilter@566f6f25, org.springframework.security.web.authentication.ui.DefaultLoginPageGeneratingFilter@6f82011f, org.springframework.security.web.authentication.ui.DefaultLogoutPageGeneratingFilter@6cd0187d, org.springframework.security.web.authentication.www.BasicAuthenticationFilter@7caa701c, org.springframework.security.web.savedrequest.RequestCacheAwareFilter@243db855, org.springframework.security.web.servletapi.SecurityContextHolderAwareRequestFilter@63c66d3a, org.springframework.security.web.authentication.AnonymousAuthenticationFilter@41eb4485, org.springframework.security.web.session.SessionManagementFilter@54cb1065, org.springframework.security.web.access.ExceptionTranslationFilter@3437212d, org.springframework.security.web.access.intercept.FilterSecurityInterceptor@283d3287]
2021-01-31 23:03:28.631  INFO 9980 --- [    Test worker] o.s.b.t.m.w.SpringBootMockServletContext : Initializing Spring TestDispatcherServlet ''
2021-01-31 23:03:28.631  INFO 9980 --- [    Test worker] o.s.t.web.servlet.TestDispatcherServlet  : Initializing Servlet ''
2021-01-31 23:03:28.643  INFO 9980 --- [    Test worker] o.s.t.web.servlet.TestDispatcherServlet  : Completed initialization in 11 ms
2021-01-31 23:03:28.664  INFO 9980 --- [    Test worker] controller.TrainControllerTest           : Started TrainControllerTest in 1.337 seconds (JVM running for 5.368)
]]></system-out>
  <system-err><![CDATA[]]></system-err>
</testsuite>
