<?xml version="1.0" encoding="UTF-8"?>
<testsuite name="controller.SkmControllerTest" tests="1" skipped="0" failures="0" errors="0" timestamp="2021-01-30T18:34:08" hostname="DESKTOP-T1RQ59H" time="0.092">
  <properties/>
  <testcase name="moveForward()" classname="controller.SkmControllerTest" time="0.092"/>
  <system-out><![CDATA[19:34:06.464 [Test worker] DEBUG org.springframework.test.context.BootstrapUtils - Instantiating CacheAwareContextLoaderDelegate from class [org.springframework.test.context.cache.DefaultCacheAwareContextLoaderDelegate]
19:34:06.479 [Test worker] DEBUG org.springframework.test.context.BootstrapUtils - Instantiating BootstrapContext using constructor [public org.springframework.test.context.support.DefaultBootstrapContext(java.lang.Class,org.springframework.test.context.CacheAwareContextLoaderDelegate)]
19:34:06.515 [Test worker] DEBUG org.springframework.test.context.BootstrapUtils - Instantiating TestContextBootstrapper for test class [controller.SkmControllerTest] from class [org.springframework.boot.test.context.SpringBootTestContextBootstrapper]
19:34:06.534 [Test worker] INFO org.springframework.boot.test.context.SpringBootTestContextBootstrapper - Neither @ContextConfiguration nor @ContextHierarchy found for test class [controller.SkmControllerTest], using SpringBootContextLoader
19:34:06.538 [Test worker] DEBUG org.springframework.test.context.support.AbstractContextLoader - Did not detect default resource location for test class [controller.SkmControllerTest]: class path resource [controller/SkmControllerTest-context.xml] does not exist
19:34:06.539 [Test worker] DEBUG org.springframework.test.context.support.AbstractContextLoader - Did not detect default resource location for test class [controller.SkmControllerTest]: class path resource [controller/SkmControllerTestContext.groovy] does not exist
19:34:06.540 [Test worker] INFO org.springframework.test.context.support.AbstractContextLoader - Could not detect default resource locations for test class [controller.SkmControllerTest]: no resource found for suffixes {-context.xml, Context.groovy}.
19:34:06.609 [Test worker] DEBUG org.springframework.test.context.support.ActiveProfilesUtils - Could not find an 'annotation declaring class' for annotation type [org.springframework.test.context.ActiveProfiles] and class [controller.SkmControllerTest]
19:34:06.746 [Test worker] DEBUG org.springframework.boot.test.context.SpringBootTestContextBootstrapper - @TestExecutionListeners is not present for class [controller.SkmControllerTest]: using defaults.
19:34:06.747 [Test worker] INFO org.springframework.boot.test.context.SpringBootTestContextBootstrapper - Loaded default TestExecutionListener class names from location [META-INF/spring.factories]: [org.springframework.boot.test.autoconfigure.restdocs.RestDocsTestExecutionListener, org.springframework.boot.test.autoconfigure.web.client.MockRestServiceServerResetTestExecutionListener, org.springframework.boot.test.autoconfigure.web.servlet.MockMvcPrintOnlyOnFailureTestExecutionListener, org.springframework.boot.test.autoconfigure.web.servlet.WebDriverTestExecutionListener, org.springframework.boot.test.autoconfigure.webservices.client.MockWebServiceServerTestExecutionListener, org.springframework.boot.test.mock.mockito.MockitoTestExecutionListener, org.springframework.boot.test.mock.mockito.ResetMocksTestExecutionListener, org.springframework.test.context.web.ServletTestExecutionListener, org.springframework.test.context.support.DirtiesContextBeforeModesTestExecutionListener, org.springframework.test.context.support.DependencyInjectionTestExecutionListener, org.springframework.test.context.support.DirtiesContextTestExecutionListener, org.springframework.test.context.transaction.TransactionalTestExecutionListener, org.springframework.test.context.jdbc.SqlScriptsTestExecutionListener, org.springframework.test.context.event.EventPublishingTestExecutionListener]
19:34:06.767 [Test worker] INFO org.springframework.boot.test.context.SpringBootTestContextBootstrapper - Using TestExecutionListeners: [org.springframework.test.context.web.ServletTestExecutionListener@397e8ee3, org.springframework.test.context.support.DirtiesContextBeforeModesTestExecutionListener@10fed6a1, org.springframework.boot.test.mock.mockito.MockitoTestExecutionListener@40677867, org.springframework.boot.test.autoconfigure.SpringBootDependencyInjectionTestExecutionListener@3d157265, org.springframework.test.context.support.DirtiesContextTestExecutionListener@7051fab2, org.springframework.test.context.transaction.TransactionalTestExecutionListener@167c71c7, org.springframework.test.context.jdbc.SqlScriptsTestExecutionListener@6d23872f, org.springframework.test.context.event.EventPublishingTestExecutionListener@7bb356b4, org.springframework.boot.test.autoconfigure.restdocs.RestDocsTestExecutionListener@448b71a, org.springframework.boot.test.autoconfigure.web.client.MockRestServiceServerResetTestExecutionListener@71cf0c1d, org.springframework.boot.test.autoconfigure.web.servlet.MockMvcPrintOnlyOnFailureTestExecutionListener@a4e7f4, org.springframework.boot.test.autoconfigure.web.servlet.WebDriverTestExecutionListener@614317a2, org.springframework.boot.test.autoconfigure.webservices.client.MockWebServiceServerTestExecutionListener@20f29cf7, org.springframework.boot.test.mock.mockito.ResetMocksTestExecutionListener@2954c310]
19:34:06.771 [Test worker] DEBUG org.springframework.test.context.support.AbstractDirtiesContextTestExecutionListener - Before test class: context [DefaultTestContext@6852289 testClass = SkmControllerTest, testInstance = [null], testMethod = [null], testException = [null], mergedContextConfiguration = [WebMergedContextConfiguration@6a39385a testClass = SkmControllerTest, locations = '{}', classes = '{class pl.edu.pjatk.simulator.controller.SkmController, class pl.edu.pjatk.simulator.controller.SkmController}', contextInitializerClasses = '[]', activeProfiles = '{}', propertySourceLocations = '{}', propertySourceProperties = '{org.springframework.boot.test.context.SpringBootTestContextBootstrapper=true}', contextCustomizers = set[org.springframework.boot.test.autoconfigure.properties.PropertyMappingContextCustomizer@4b3fa0b3, org.springframework.boot.test.autoconfigure.web.servlet.WebDriverContextCustomizerFactory$Customizer@27a0edb3, [ImportsContextCustomizer@3708334e key = [org.springframework.boot.test.autoconfigure.web.servlet.MockMvcAutoConfiguration, org.springframework.boot.test.autoconfigure.web.servlet.MockMvcWebClientAutoConfiguration, org.springframework.boot.test.autoconfigure.web.servlet.MockMvcWebDriverAutoConfiguration, org.springframework.boot.autoconfigure.security.oauth2.client.servlet.OAuth2ClientAutoConfiguration, org.springframework.boot.autoconfigure.security.oauth2.resource.servlet.OAuth2ResourceServerAutoConfiguration, org.springframework.boot.autoconfigure.security.servlet.SecurityAutoConfiguration, org.springframework.boot.autoconfigure.security.servlet.SecurityFilterAutoConfiguration, org.springframework.boot.autoconfigure.security.servlet.UserDetailsServiceAutoConfiguration, org.springframework.boot.test.autoconfigure.web.servlet.MockMvcSecurityConfiguration]], org.springframework.boot.test.context.filter.ExcludeFilterContextCustomizer@668ba1b8, org.springframework.boot.test.json.DuplicateJsonObjectContextCustomizerFactory$DuplicateJsonObjectContextCustomizer@441e28ad, org.springframework.boot.test.mock.mockito.MockitoContextCustomizer@792fcf3a, org.springframework.boot.test.web.client.TestRestTemplateContextCustomizer@2a92ec3d, org.springframework.boot.test.context.SpringBootTestArgs@1], resourceBasePath = 'src/main/webapp', contextLoader = 'org.springframework.boot.test.context.SpringBootContextLoader', parent = [null]], attributes = map['org.springframework.test.context.web.ServletTestExecutionListener.activateListener' -> true]], class annotated with @DirtiesContext [false] with mode [null].
19:34:06.809 [Test worker] DEBUG org.springframework.test.context.support.TestPropertySourceUtils - Adding inlined properties to environment: {spring.jmx.enabled=false, org.springframework.boot.test.context.SpringBootTestContextBootstrapper=true}

  .   ____          _            __ _ _
 /\\ / ___'_ __ _ _(_)_ __  __ _ \ \ \ \
( ( )\___ | '_ | '_| | '_ \/ _` | \ \ \ \
 \\/  ___)| |_)| | | | | || (_| |  ) ) ) )
  '  |____| .__|_| |_|_| |_\__, | / / / /
 =========|_|==============|___/=/_/_/_/
 :: Spring Boot ::        (v2.3.4.RELEASE)

2021-01-30 19:34:07.150  INFO 13596 --- [    Test worker] controller.SkmControllerTest             : Starting SkmControllerTest on DESKTOP-T1RQ59H with PID 13596 (started by piszc in C:\Users\piszc\OneDrive\Desktop\SKM projekt\SKM\simulator)
2021-01-30 19:34:07.152  INFO 13596 --- [    Test worker] controller.SkmControllerTest             : No active profile set, falling back to default profiles: default
2021-01-30 19:34:08.095  INFO 13596 --- [    Test worker] o.s.b.t.m.w.SpringBootMockServletContext : Initializing Spring TestDispatcherServlet ''
2021-01-30 19:34:08.096  INFO 13596 --- [    Test worker] o.s.t.web.servlet.TestDispatcherServlet  : Initializing Servlet ''
2021-01-30 19:34:08.358  INFO 13596 --- [    Test worker] o.s.t.web.servlet.TestDispatcherServlet  : Completed initialization in 262 ms
2021-01-30 19:34:08.405  INFO 13596 --- [    Test worker] controller.SkmControllerTest             : Started SkmControllerTest in 1.583 seconds (JVM running for 2.862)
]]></system-out>
  <system-err><![CDATA[]]></system-err>
</testsuite>
