<?xml version="1.0" encoding="UTF-8"?>
<testsuite name="service.UserServiceTest" tests="5" skipped="0" failures="0" errors="0" timestamp="2021-01-31T22:03:35" hostname="DESKTOP-T1RQ59H" time="0.196">
  <properties/>
  <testcase name="addUser" classname="service.UserServiceTest" time="0.102"/>
  <testcase name="getAllUsers" classname="service.UserServiceTest" time="0.004"/>
  <testcase name="modifyUser" classname="service.UserServiceTest" time="0.079"/>
  <testcase name="getUserByID" classname="service.UserServiceTest" time="0.004"/>
  <testcase name="deleteUserByID" classname="service.UserServiceTest" time="0.003"/>
  <system-out><![CDATA[
  .   ____          _            __ _ _
 /\\ / ___'_ __ _ _(_)_ __  __ _ \ \ \ \
( ( )\___ | '_ | '_| | '_ \/ _` | \ \ \ \
 \\/  ___)| |_)| | | | | || (_| |  ) ) ) )
  '  |____| .__|_| |_|_| |_\__, | / / / /
 =========|_|==============|___/=/_/_/_/
 :: Spring Boot ::        (v2.3.4.RELEASE)

2021-01-31 23:03:35.773  INFO 9980 --- [    Test worker] service.UserServiceTest                  : Starting UserServiceTest on DESKTOP-T1RQ59H with PID 9980 (started by piszc in C:\Users\piszc\OneDrive\Desktop\SKM projekt\SKM\simulator)
2021-01-31 23:03:35.773  INFO 9980 --- [    Test worker] service.UserServiceTest                  : No active profile set, falling back to default profiles: default
2021-01-31 23:03:35.812  INFO 9980 --- [    Test worker] service.UserServiceTest                  : Started UserServiceTest in 0.077 seconds (JVM running for 12.516)
]]></system-out>
  <system-err><![CDATA[]]></system-err>
</testsuite>
