<?xml version="1.0" encoding="UTF-8"?>
<testsuite name="service.TrainServiceTest" tests="3" skipped="0" failures="0" errors="0" timestamp="2021-01-31T21:31:24" hostname="DESKTOP-T1RQ59H" time="0.02">
  <properties/>
  <testcase name="updateTrain()" classname="service.TrainServiceTest" time="0.008"/>
  <testcase name="createNewTrainWithId()" classname="service.TrainServiceTest" time="0.004"/>
  <testcase name="createNewTrainWithoutID()" classname="service.TrainServiceTest" time="0.005"/>
  <system-out><![CDATA[2021-01-31 22:31:24.252  INFO 5404 --- [    Test worker] .b.t.c.SpringBootTestContextBootstrapper : Neither @ContextConfiguration nor @ContextHierarchy found for test class [service.TrainServiceTest], using SpringBootContextLoader
2021-01-31 22:31:24.253  INFO 5404 --- [    Test worker] o.s.t.c.support.AbstractContextLoader    : Could not detect default resource locations for test class [service.TrainServiceTest]: no resource found for suffixes {-context.xml, Context.groovy}.
2021-01-31 22:31:24.259  INFO 5404 --- [    Test worker] .b.t.c.SpringBootTestContextBootstrapper : Loaded default TestExecutionListener class names from location [META-INF/spring.factories]: [org.springframework.security.test.context.support.WithSecurityContextTestExecutionListener, org.springframework.security.test.context.support.ReactorContextTestExecutionListener, org.springframework.boot.test.autoconfigure.restdocs.RestDocsTestExecutionListener, org.springframework.boot.test.autoconfigure.web.client.MockRestServiceServerResetTestExecutionListener, org.springframework.boot.test.autoconfigure.web.servlet.MockMvcPrintOnlyOnFailureTestExecutionListener, org.springframework.boot.test.autoconfigure.web.servlet.WebDriverTestExecutionListener, org.springframework.boot.test.autoconfigure.webservices.client.MockWebServiceServerTestExecutionListener, org.springframework.boot.test.mock.mockito.MockitoTestExecutionListener, org.springframework.boot.test.mock.mockito.ResetMocksTestExecutionListener, org.springframework.test.context.web.ServletTestExecutionListener, org.springframework.test.context.support.DirtiesContextBeforeModesTestExecutionListener, org.springframework.test.context.support.DependencyInjectionTestExecutionListener, org.springframework.test.context.support.DirtiesContextTestExecutionListener, org.springframework.test.context.transaction.TransactionalTestExecutionListener, org.springframework.test.context.jdbc.SqlScriptsTestExecutionListener, org.springframework.test.context.event.EventPublishingTestExecutionListener]
2021-01-31 22:31:24.261  INFO 5404 --- [    Test worker] .b.t.c.SpringBootTestContextBootstrapper : Using TestExecutionListeners: [org.springframework.test.context.web.ServletTestExecutionListener@733761fb, org.springframework.test.context.support.DirtiesContextBeforeModesTestExecutionListener@1d57d254, org.springframework.boot.test.mock.mockito.MockitoTestExecutionListener@723fbad, org.springframework.boot.test.autoconfigure.SpringBootDependencyInjectionTestExecutionListener@d2b0bc, org.springframework.test.context.support.DirtiesContextTestExecutionListener@48a231e4, org.springframework.test.context.transaction.TransactionalTestExecutionListener@6bc48fd6, org.springframework.test.context.jdbc.SqlScriptsTestExecutionListener@73a2ff90, org.springframework.security.test.context.support.WithSecurityContextTestExecutionListener@6660f608, org.springframework.test.context.event.EventPublishingTestExecutionListener@3f14d631, org.springframework.security.test.context.support.ReactorContextTestExecutionListener@7061443a, org.springframework.boot.test.autoconfigure.restdocs.RestDocsTestExecutionListener@145b6bd9, org.springframework.boot.test.autoconfigure.web.client.MockRestServiceServerResetTestExecutionListener@756a0fec, org.springframework.boot.test.autoconfigure.web.servlet.MockMvcPrintOnlyOnFailureTestExecutionListener@6cd6ea2e, org.springframework.boot.test.autoconfigure.web.servlet.WebDriverTestExecutionListener@16ec231a, org.springframework.boot.test.autoconfigure.webservices.client.MockWebServiceServerTestExecutionListener@592697bd, org.springframework.boot.test.mock.mockito.ResetMocksTestExecutionListener@7c96e61a]

  .   ____          _            __ _ _
 /\\ / ___'_ __ _ _(_)_ __  __ _ \ \ \ \
( ( )\___ | '_ | '_| | '_ \/ _` | \ \ \ \
 \\/  ___)| |_)| | | | | || (_| |  ) ) ) )
  '  |____| .__|_| |_|_| |_\__, | / / / /
 =========|_|==============|___/=/_/_/_/
 :: Spring Boot ::        (v2.3.4.RELEASE)

2021-01-31 22:31:24.306  INFO 5404 --- [    Test worker] service.TrainServiceTest                 : Starting TrainServiceTest on DESKTOP-T1RQ59H with PID 5404 (started by piszc in C:\Users\piszc\OneDrive\Desktop\SKM projekt\SKM\simulator)
2021-01-31 22:31:24.307  INFO 5404 --- [    Test worker] service.TrainServiceTest                 : No active profile set, falling back to default profiles: default
2021-01-31 22:31:24.441  INFO 5404 --- [    Test worker] service.TrainServiceTest                 : Started TrainServiceTest in 0.174 seconds (JVM running for 5.86)
]]></system-out>
  <system-err><![CDATA[]]></system-err>
</testsuite>
