<?xml version="1.0" encoding="UTF-8"?>
<testsuite name="model.UserTest" tests="5" skipped="0" failures="0" errors="0" timestamp="2021-01-31T22:03:28" hostname="DESKTOP-T1RQ59H" time="0.012">
  <properties/>
  <testcase name="setAuthorities()" classname="model.UserTest" time="0.002"/>
  <testcase name="getUsernameTest()" classname="model.UserTest" time="0.001"/>
  <testcase name="setUsernameTest()" classname="model.UserTest" time="0.001"/>
  <testcase name="removeAuthority()" classname="model.UserTest" time="0.002"/>
  <testcase name="addAuthority()" classname="model.UserTest" time="0.003"/>
  <system-out><![CDATA[]]></system-out>
  <system-err><![CDATA[]]></system-err>
</testsuite>
