<?xml version="1.0" encoding="UTF-8"?>
<testsuite name="controller.SkmControllerTest" tests="1" skipped="0" failures="0" errors="0" timestamp="2021-01-31T22:03:27" hostname="DESKTOP-T1RQ59H" time="0.106">
  <properties/>
  <testcase name="moveForward()" classname="controller.SkmControllerTest" time="0.106"/>
  <system-out><![CDATA[23:03:24.779 [Test worker] DEBUG org.springframework.test.context.BootstrapUtils - Instantiating CacheAwareContextLoaderDelegate from class [org.springframework.test.context.cache.DefaultCacheAwareContextLoaderDelegate]
23:03:24.780 [Test worker] DEBUG org.springframework.test.context.BootstrapUtils - Instantiating BootstrapContext using constructor [public org.springframework.test.context.support.DefaultBootstrapContext(java.lang.Class,org.springframework.test.context.CacheAwareContextLoaderDelegate)]
23:03:24.780 [Test worker] DEBUG org.springframework.test.context.BootstrapUtils - Instantiating TestContextBootstrapper for test class [controller.SkmControllerTest] from class [org.springframework.boot.test.context.SpringBootTestContextBootstrapper]
23:03:24.781 [Test worker] INFO org.springframework.boot.test.context.SpringBootTestContextBootstrapper - Neither @ContextConfiguration nor @ContextHierarchy found for test class [controller.SkmControllerTest], using SpringBootContextLoader
23:03:24.782 [Test worker] DEBUG org.springframework.test.context.support.AbstractContextLoader - Did not detect default resource location for test class [controller.SkmControllerTest]: class path resource [controller/SkmControllerTest-context.xml] does not exist
23:03:24.783 [Test worker] DEBUG org.springframework.test.context.support.AbstractContextLoader - Did not detect default resource location for test class [controller.SkmControllerTest]: class path resource [controller/SkmControllerTestContext.groovy] does not exist
23:03:24.783 [Test worker] INFO org.springframework.test.context.support.AbstractContextLoader - Could not detect default resource locations for test class [controller.SkmControllerTest]: no resource found for suffixes {-context.xml, Context.groovy}.
23:03:24.787 [Test worker] DEBUG org.springframework.test.context.support.ActiveProfilesUtils - Could not find an 'annotation declaring class' for annotation type [org.springframework.test.context.ActiveProfiles] and class [controller.SkmControllerTest]
23:03:24.790 [Test worker] DEBUG org.springframework.boot.test.context.SpringBootTestContextBootstrapper - @TestExecutionListeners is not present for class [controller.SkmControllerTest]: using defaults.
23:03:24.791 [Test worker] INFO org.springframework.boot.test.context.SpringBootTestContextBootstrapper - Loaded default TestExecutionListener class names from location [META-INF/spring.factories]: [org.springframework.security.test.context.support.WithSecurityContextTestExecutionListener, org.springframework.security.test.context.support.ReactorContextTestExecutionListener, org.springframework.boot.test.autoconfigure.restdocs.RestDocsTestExecutionListener, org.springframework.boot.test.autoconfigure.web.client.MockRestServiceServerResetTestExecutionListener, org.springframework.boot.test.autoconfigure.web.servlet.MockMvcPrintOnlyOnFailureTestExecutionListener, org.springframework.boot.test.autoconfigure.web.servlet.WebDriverTestExecutionListener, org.springframework.boot.test.autoconfigure.webservices.client.MockWebServiceServerTestExecutionListener, org.springframework.boot.test.mock.mockito.MockitoTestExecutionListener, org.springframework.boot.test.mock.mockito.ResetMocksTestExecutionListener, org.springframework.test.context.web.ServletTestExecutionListener, org.springframework.test.context.support.DirtiesContextBeforeModesTestExecutionListener, org.springframework.test.context.support.DependencyInjectionTestExecutionListener, org.springframework.test.context.support.DirtiesContextTestExecutionListener, org.springframework.test.context.transaction.TransactionalTestExecutionListener, org.springframework.test.context.jdbc.SqlScriptsTestExecutionListener, org.springframework.test.context.event.EventPublishingTestExecutionListener]
23:03:24.792 [Test worker] INFO org.springframework.boot.test.context.SpringBootTestContextBootstrapper - Using TestExecutionListeners: [org.springframework.test.context.web.ServletTestExecutionListener@1e864d13, org.springframework.test.context.support.DirtiesContextBeforeModesTestExecutionListener@68f9652e, org.springframework.boot.test.mock.mockito.MockitoTestExecutionListener@41f0266, org.springframework.boot.test.autoconfigure.SpringBootDependencyInjectionTestExecutionListener@1ecae214, org.springframework.test.context.support.DirtiesContextTestExecutionListener@3208da0b, org.springframework.test.context.transaction.TransactionalTestExecutionListener@11fb1971, org.springframework.test.context.jdbc.SqlScriptsTestExecutionListener@6d0b251a, org.springframework.security.test.context.support.WithSecurityContextTestExecutionListener@2498a0ed, org.springframework.test.context.event.EventPublishingTestExecutionListener@5034eef7, org.springframework.security.test.context.support.ReactorContextTestExecutionListener@19cd5511, org.springframework.boot.test.autoconfigure.restdocs.RestDocsTestExecutionListener@2d5a80c7, org.springframework.boot.test.autoconfigure.web.client.MockRestServiceServerResetTestExecutionListener@4ca4c249, org.springframework.boot.test.autoconfigure.web.servlet.MockMvcPrintOnlyOnFailureTestExecutionListener@3b90ce7c, org.springframework.boot.test.autoconfigure.web.servlet.WebDriverTestExecutionListener@488661c2, org.springframework.boot.test.autoconfigure.webservices.client.MockWebServiceServerTestExecutionListener@31a39cad, org.springframework.boot.test.mock.mockito.ResetMocksTestExecutionListener@5bffb65a]
23:03:24.796 [Test worker] DEBUG org.springframework.test.context.support.AbstractDirtiesContextTestExecutionListener - Before test class: context [DefaultTestContext@25931bba testClass = SkmControllerTest, testInstance = [null], testMethod = [null], testException = [null], mergedContextConfiguration = [WebMergedContextConfiguration@7750122f testClass = SkmControllerTest, locations = '{}', classes = '{class pl.edu.pjatk.simulator.controller.SkmController, class pl.edu.pjatk.simulator.controller.SkmController}', contextInitializerClasses = '[]', activeProfiles = '{}', propertySourceLocations = '{}', propertySourceProperties = '{org.springframework.boot.test.context.SpringBootTestContextBootstrapper=true}', contextCustomizers = set[org.springframework.boot.test.autoconfigure.properties.PropertyMappingContextCustomizer@4b3fa0b3, org.springframework.boot.test.autoconfigure.web.servlet.WebDriverContextCustomizerFactory$Customizer@64bebd5c, [ImportsContextCustomizer@7fae107c key = [org.springframework.boot.test.autoconfigure.web.servlet.MockMvcAutoConfiguration, org.springframework.boot.test.autoconfigure.web.servlet.MockMvcWebClientAutoConfiguration, org.springframework.boot.test.autoconfigure.web.servlet.MockMvcWebDriverAutoConfiguration, org.springframework.boot.autoconfigure.security.oauth2.client.servlet.OAuth2ClientAutoConfiguration, org.springframework.boot.autoconfigure.security.oauth2.resource.servlet.OAuth2ResourceServerAutoConfiguration, org.springframework.boot.autoconfigure.security.servlet.SecurityAutoConfiguration, org.springframework.boot.autoconfigure.security.servlet.SecurityFilterAutoConfiguration, org.springframework.boot.autoconfigure.security.servlet.UserDetailsServiceAutoConfiguration, org.springframework.boot.test.autoconfigure.web.servlet.MockMvcSecurityConfiguration]], org.springframework.boot.test.context.filter.ExcludeFilterContextCustomizer@3b60846b, org.springframework.boot.test.json.DuplicateJsonObjectContextCustomizerFactory$DuplicateJsonObjectContextCustomizer@5b5ae591, org.springframework.boot.test.mock.mockito.MockitoContextCustomizer@702f940a, org.springframework.boot.test.web.client.TestRestTemplateContextCustomizer@9620bc1, org.springframework.boot.test.context.SpringBootTestArgs@1], resourceBasePath = 'src/main/webapp', contextLoader = 'org.springframework.boot.test.context.SpringBootContextLoader', parent = [null]], attributes = map['org.springframework.test.context.web.ServletTestExecutionListener.activateListener' -> true]], class annotated with @DirtiesContext [false] with mode [null].
23:03:24.832 [Test worker] DEBUG org.springframework.test.context.support.TestPropertySourceUtils - Adding inlined properties to environment: {spring.jmx.enabled=false, org.springframework.boot.test.context.SpringBootTestContextBootstrapper=true}

  .   ____          _            __ _ _
 /\\ / ___'_ __ _ _(_)_ __  __ _ \ \ \ \
( ( )\___ | '_ | '_| | '_ \/ _` | \ \ \ \
 \\/  ___)| |_)| | | | | || (_| |  ) ) ) )
  '  |____| .__|_| |_|_| |_\__, | / / / /
 =========|_|==============|___/=/_/_/_/
 :: Spring Boot ::        (v2.3.4.RELEASE)

2021-01-31 23:03:25.205  INFO 9980 --- [    Test worker] controller.SkmControllerTest             : Starting SkmControllerTest on DESKTOP-T1RQ59H with PID 9980 (started by piszc in C:\Users\piszc\OneDrive\Desktop\SKM projekt\SKM\simulator)
2021-01-31 23:03:25.207  INFO 9980 --- [    Test worker] controller.SkmControllerTest             : No active profile set, falling back to default profiles: default
2021-01-31 23:03:26.496  INFO 9980 --- [    Test worker] .s.s.UserDetailsServiceAutoConfiguration : 

Using generated security password: 86a87931-5b73-462a-ac01-737038e479bf

2021-01-31 23:03:26.754  INFO 9980 --- [    Test worker] o.s.s.web.DefaultSecurityFilterChain     : Creating filter chain: any request, [org.springframework.security.web.context.request.async.WebAsyncManagerIntegrationFilter@63f71ed2, org.springframework.security.web.context.SecurityContextPersistenceFilter@2acf5111, org.springframework.security.web.header.HeaderWriterFilter@39759ba7, org.springframework.security.web.csrf.CsrfFilter@1d3b2780, org.springframework.security.web.authentication.logout.LogoutFilter@639505ca, org.springframework.security.web.authentication.UsernamePasswordAuthenticationFilter@7aa77e70, org.springframework.security.web.authentication.ui.DefaultLoginPageGeneratingFilter@78b40f91, org.springframework.security.web.authentication.ui.DefaultLogoutPageGeneratingFilter@344dff0c, org.springframework.security.web.authentication.www.BasicAuthenticationFilter@54ae0ec7, org.springframework.security.web.savedrequest.RequestCacheAwareFilter@215b7af4, org.springframework.security.web.servletapi.SecurityContextHolderAwareRequestFilter@6ee32897, org.springframework.security.web.authentication.AnonymousAuthenticationFilter@20a884a5, org.springframework.security.web.session.SessionManagementFilter@1b385aa2, org.springframework.security.web.access.ExceptionTranslationFilter@21df3a71, org.springframework.security.web.access.intercept.FilterSecurityInterceptor@799043b1]
2021-01-31 23:03:26.866  INFO 9980 --- [    Test worker] o.s.b.t.m.w.SpringBootMockServletContext : Initializing Spring TestDispatcherServlet ''
2021-01-31 23:03:26.867  INFO 9980 --- [    Test worker] o.s.t.web.servlet.TestDispatcherServlet  : Initializing Servlet ''
2021-01-31 23:03:27.114  INFO 9980 --- [    Test worker] o.s.t.web.servlet.TestDispatcherServlet  : Completed initialization in 246 ms
2021-01-31 23:03:27.169  INFO 9980 --- [    Test worker] controller.SkmControllerTest             : Started SkmControllerTest in 2.323 seconds (JVM running for 3.872)
2021-01-31 23:03:27.219  INFO 9980 --- [    Test worker] o.s.b.t.m.w.SpringBootMockServletContext : Initializing Spring TestDispatcherServlet ''
2021-01-31 23:03:27.220  INFO 9980 --- [    Test worker] o.s.t.web.servlet.TestDispatcherServlet  : Initializing Servlet ''
2021-01-31 23:03:27.243  INFO 9980 --- [    Test worker] o.s.t.web.servlet.TestDispatcherServlet  : Completed initialization in 23 ms
]]></system-out>
  <system-err><![CDATA[]]></system-err>
</testsuite>
