<?xml version="1.0" encoding="UTF-8"?>
<testsuite name="service.UserServiceTest" tests="5" skipped="0" failures="0" errors="0" timestamp="2021-01-31T21:31:31" hostname="DESKTOP-T1RQ59H" time="0.187">
  <properties/>
  <testcase name="addUser" classname="service.UserServiceTest" time="0.098"/>
  <testcase name="getAllUsers" classname="service.UserServiceTest" time="0.004"/>
  <testcase name="modifyUser" classname="service.UserServiceTest" time="0.074"/>
  <testcase name="getUserByID" classname="service.UserServiceTest" time="0.004"/>
  <testcase name="deleteUserByID" classname="service.UserServiceTest" time="0.003"/>
  <system-out><![CDATA[
  .   ____          _            __ _ _
 /\\ / ___'_ __ _ _(_)_ __  __ _ \ \ \ \
( ( )\___ | '_ | '_| | '_ \/ _` | \ \ \ \
 \\/  ___)| |_)| | | | | || (_| |  ) ) ) )
  '  |____| .__|_| |_|_| |_\__, | / / / /
 =========|_|==============|___/=/_/_/_/
 :: Spring Boot ::        (v2.3.4.RELEASE)

2021-01-31 22:31:31.146  INFO 5404 --- [    Test worker] service.UserServiceTest                  : Starting UserServiceTest on DESKTOP-T1RQ59H with PID 5404 (started by piszc in C:\Users\piszc\OneDrive\Desktop\SKM projekt\SKM\simulator)
2021-01-31 22:31:31.147  INFO 5404 --- [    Test worker] service.UserServiceTest                  : No active profile set, falling back to default profiles: default
2021-01-31 22:31:31.215  INFO 5404 --- [    Test worker] service.UserServiceTest                  : Started UserServiceTest in 0.122 seconds (JVM running for 12.634)
]]></system-out>
  <system-err><![CDATA[]]></system-err>
</testsuite>
