<?xml version="1.0" encoding="UTF-8"?>
<testsuite name="controller.UserControllerTest" tests="9" skipped="0" failures="0" errors="0" timestamp="2021-01-31T21:31:30" hostname="DESKTOP-T1RQ59H" time="0.167">
  <properties/>
  <testcase name="deleteAuthorityTest" classname="controller.UserControllerTest" time="0.045"/>
  <testcase name="addAuthorityTest" classname="controller.UserControllerTest" time="0.012"/>
  <testcase name="getAllUsers" classname="controller.UserControllerTest" time="0.011"/>
  <testcase name="setAuthorityTest" classname="controller.UserControllerTest" time="0.011"/>
  <testcase name="getUserByIDNotFound" classname="controller.UserControllerTest" time="0.01"/>
  <testcase name="modifyUser" classname="controller.UserControllerTest" time="0.015"/>
  <testcase name="deleteUserByIdAccepted" classname="controller.UserControllerTest" time="0.007"/>
  <testcase name="getUserByID" classname="controller.UserControllerTest" time="0.026"/>
  <testcase name="deleteUserByIdForbidden" classname="controller.UserControllerTest" time="0.015"/>
  <system-out><![CDATA[
  .   ____          _            __ _ _
 /\\ / ___'_ __ _ _(_)_ __  __ _ \ \ \ \
( ( )\___ | '_ | '_| | '_ \/ _` | \ \ \ \
 \\/  ___)| |_)| | | | | || (_| |  ) ) ) )
  '  |____| .__|_| |_|_| |_\__, | / / / /
 =========|_|==============|___/=/_/_/_/
 :: Spring Boot ::        (v2.3.4.RELEASE)

2021-01-31 22:31:30.110  INFO 5404 --- [    Test worker] controller.UserControllerTest            : Starting UserControllerTest on DESKTOP-T1RQ59H with PID 5404 (started by piszc in C:\Users\piszc\OneDrive\Desktop\SKM projekt\SKM\simulator)
2021-01-31 22:31:30.111  INFO 5404 --- [    Test worker] controller.UserControllerTest            : No active profile set, falling back to default profiles: default
2021-01-31 22:31:30.448  INFO 5404 --- [    Test worker] o.s.s.web.DefaultSecurityFilterChain     : Creating filter chain: any request, [org.springframework.security.web.context.request.async.WebAsyncManagerIntegrationFilter@6ff21279, org.springframework.security.web.context.SecurityContextPersistenceFilter@3ed43b70, org.springframework.security.web.header.HeaderWriterFilter@e5a8d73, org.springframework.security.web.authentication.logout.LogoutFilter@7fbce911, pl.edu.pjatk.simulator.security.TokenAuthenticationFilter@42edb900, pl.edu.pjatk.simulator.security.TokenAuthorizationFilter@49b80d76, org.springframework.security.web.savedrequest.RequestCacheAwareFilter@554a586f, org.springframework.security.web.servletapi.SecurityContextHolderAwareRequestFilter@fa166a0, org.springframework.security.web.authentication.AnonymousAuthenticationFilter@77f4a679, org.springframework.security.web.session.SessionManagementFilter@4e042ccf, org.springframework.security.web.access.ExceptionTranslationFilter@16ffa144, org.springframework.security.web.access.intercept.FilterSecurityInterceptor@32f18078]
2021-01-31 22:31:30.672  INFO 5404 --- [    Test worker] o.s.s.concurrent.ThreadPoolTaskExecutor  : Initializing ExecutorService 'applicationTaskExecutor'
2021-01-31 22:31:30.895  INFO 5404 --- [    Test worker] o.s.b.t.m.w.SpringBootMockServletContext : Initializing Spring TestDispatcherServlet ''
2021-01-31 22:31:30.896  INFO 5404 --- [    Test worker] o.s.t.web.servlet.TestDispatcherServlet  : Initializing Servlet ''
2021-01-31 22:31:30.906  INFO 5404 --- [    Test worker] o.s.t.web.servlet.TestDispatcherServlet  : Completed initialization in 10 ms
2021-01-31 22:31:30.920  INFO 5404 --- [    Test worker] controller.UserControllerTest            : Started UserControllerTest in 0.842 seconds (JVM running for 12.339)
]]></system-out>
  <system-err><![CDATA[]]></system-err>
</testsuite>
