<?xml version="1.0" encoding="UTF-8"?>
<testsuite name="controller.SkmControllerTest" tests="1" skipped="0" failures="0" errors="0" timestamp="2021-01-20T21:48:07" hostname="DESKTOP-T1RQ59H" time="0.101">
  <properties/>
  <testcase name="moveForward()" classname="controller.SkmControllerTest" time="0.101"/>
  <system-out><![CDATA[22:48:05.386 [Test worker] DEBUG org.springframework.test.context.BootstrapUtils - Instantiating CacheAwareContextLoaderDelegate from class [org.springframework.test.context.cache.DefaultCacheAwareContextLoaderDelegate]
22:48:05.403 [Test worker] DEBUG org.springframework.test.context.BootstrapUtils - Instantiating BootstrapContext using constructor [public org.springframework.test.context.support.DefaultBootstrapContext(java.lang.Class,org.springframework.test.context.CacheAwareContextLoaderDelegate)]
22:48:05.441 [Test worker] DEBUG org.springframework.test.context.BootstrapUtils - Instantiating TestContextBootstrapper for test class [controller.SkmControllerTest] from class [org.springframework.boot.test.context.SpringBootTestContextBootstrapper]
22:48:05.462 [Test worker] INFO org.springframework.boot.test.context.SpringBootTestContextBootstrapper - Neither @ContextConfiguration nor @ContextHierarchy found for test class [controller.SkmControllerTest], using SpringBootContextLoader
22:48:05.468 [Test worker] DEBUG org.springframework.test.context.support.AbstractContextLoader - Did not detect default resource location for test class [controller.SkmControllerTest]: class path resource [controller/SkmControllerTest-context.xml] does not exist
22:48:05.469 [Test worker] DEBUG org.springframework.test.context.support.AbstractContextLoader - Did not detect default resource location for test class [controller.SkmControllerTest]: class path resource [controller/SkmControllerTestContext.groovy] does not exist
22:48:05.469 [Test worker] INFO org.springframework.test.context.support.AbstractContextLoader - Could not detect default resource locations for test class [controller.SkmControllerTest]: no resource found for suffixes {-context.xml, Context.groovy}.
22:48:05.537 [Test worker] DEBUG org.springframework.test.context.support.ActiveProfilesUtils - Could not find an 'annotation declaring class' for annotation type [org.springframework.test.context.ActiveProfiles] and class [controller.SkmControllerTest]
22:48:05.677 [Test worker] DEBUG org.springframework.boot.test.context.SpringBootTestContextBootstrapper - @TestExecutionListeners is not present for class [controller.SkmControllerTest]: using defaults.
22:48:05.678 [Test worker] INFO org.springframework.boot.test.context.SpringBootTestContextBootstrapper - Loaded default TestExecutionListener class names from location [META-INF/spring.factories]: [org.springframework.boot.test.autoconfigure.restdocs.RestDocsTestExecutionListener, org.springframework.boot.test.autoconfigure.web.client.MockRestServiceServerResetTestExecutionListener, org.springframework.boot.test.autoconfigure.web.servlet.MockMvcPrintOnlyOnFailureTestExecutionListener, org.springframework.boot.test.autoconfigure.web.servlet.WebDriverTestExecutionListener, org.springframework.boot.test.autoconfigure.webservices.client.MockWebServiceServerTestExecutionListener, org.springframework.boot.test.mock.mockito.MockitoTestExecutionListener, org.springframework.boot.test.mock.mockito.ResetMocksTestExecutionListener, org.springframework.test.context.web.ServletTestExecutionListener, org.springframework.test.context.support.DirtiesContextBeforeModesTestExecutionListener, org.springframework.test.context.support.DependencyInjectionTestExecutionListener, org.springframework.test.context.support.DirtiesContextTestExecutionListener, org.springframework.test.context.transaction.TransactionalTestExecutionListener, org.springframework.test.context.jdbc.SqlScriptsTestExecutionListener, org.springframework.test.context.event.EventPublishingTestExecutionListener]
22:48:05.699 [Test worker] INFO org.springframework.boot.test.context.SpringBootTestContextBootstrapper - Using TestExecutionListeners: [org.springframework.test.context.web.ServletTestExecutionListener@448b71a, org.springframework.test.context.support.DirtiesContextBeforeModesTestExecutionListener@71cf0c1d, org.springframework.boot.test.mock.mockito.MockitoTestExecutionListener@a4e7f4, org.springframework.boot.test.autoconfigure.SpringBootDependencyInjectionTestExecutionListener@614317a2, org.springframework.test.context.support.DirtiesContextTestExecutionListener@20f29cf7, org.springframework.test.context.transaction.TransactionalTestExecutionListener@2954c310, org.springframework.test.context.jdbc.SqlScriptsTestExecutionListener@ee80a89, org.springframework.test.context.event.EventPublishingTestExecutionListener@77efe2f1, org.springframework.boot.test.autoconfigure.restdocs.RestDocsTestExecutionListener@43cedddf, org.springframework.boot.test.autoconfigure.web.client.MockRestServiceServerResetTestExecutionListener@4c8ddaf5, org.springframework.boot.test.autoconfigure.web.servlet.MockMvcPrintOnlyOnFailureTestExecutionListener@2ff2daf, org.springframework.boot.test.autoconfigure.web.servlet.WebDriverTestExecutionListener@a0faf6b, org.springframework.boot.test.autoconfigure.webservices.client.MockWebServiceServerTestExecutionListener@3f1abbd0, org.springframework.boot.test.mock.mockito.ResetMocksTestExecutionListener@1d6284b4]
22:48:05.704 [Test worker] DEBUG org.springframework.test.context.support.AbstractDirtiesContextTestExecutionListener - Before test class: context [DefaultTestContext@18d2c4e0 testClass = SkmControllerTest, testInstance = [null], testMethod = [null], testException = [null], mergedContextConfiguration = [WebMergedContextConfiguration@13db107 testClass = SkmControllerTest, locations = '{}', classes = '{class pl.edu.pjatk.simulator.controller.SkmController, class pl.edu.pjatk.simulator.controller.SkmController}', contextInitializerClasses = '[]', activeProfiles = '{}', propertySourceLocations = '{}', propertySourceProperties = '{org.springframework.boot.test.context.SpringBootTestContextBootstrapper=true}', contextCustomizers = set[org.springframework.boot.test.autoconfigure.properties.PropertyMappingContextCustomizer@4b3fa0b3, org.springframework.boot.test.autoconfigure.web.servlet.WebDriverContextCustomizerFactory$Customizer@139f5a9a, [ImportsContextCustomizer@48588289 key = [org.springframework.boot.test.autoconfigure.web.servlet.MockMvcAutoConfiguration, org.springframework.boot.test.autoconfigure.web.servlet.MockMvcWebClientAutoConfiguration, org.springframework.boot.test.autoconfigure.web.servlet.MockMvcWebDriverAutoConfiguration, org.springframework.boot.autoconfigure.security.oauth2.client.servlet.OAuth2ClientAutoConfiguration, org.springframework.boot.autoconfigure.security.oauth2.resource.servlet.OAuth2ResourceServerAutoConfiguration, org.springframework.boot.autoconfigure.security.servlet.SecurityAutoConfiguration, org.springframework.boot.autoconfigure.security.servlet.SecurityFilterAutoConfiguration, org.springframework.boot.autoconfigure.security.servlet.UserDetailsServiceAutoConfiguration, org.springframework.boot.test.autoconfigure.web.servlet.MockMvcSecurityConfiguration]], org.springframework.boot.test.context.filter.ExcludeFilterContextCustomizer@19769c1, org.springframework.boot.test.json.DuplicateJsonObjectContextCustomizerFactory$DuplicateJsonObjectContextCustomizer@7d00442c, org.springframework.boot.test.mock.mockito.MockitoContextCustomizer@621a69e2, org.springframework.boot.test.web.client.TestRestTemplateContextCustomizer@1360970d, org.springframework.boot.test.context.SpringBootTestArgs@1], resourceBasePath = 'src/main/webapp', contextLoader = 'org.springframework.boot.test.context.SpringBootContextLoader', parent = [null]], attributes = map['org.springframework.test.context.web.ServletTestExecutionListener.activateListener' -> true]], class annotated with @DirtiesContext [false] with mode [null].
22:48:05.755 [Test worker] DEBUG org.springframework.test.context.support.TestPropertySourceUtils - Adding inlined properties to environment: {spring.jmx.enabled=false, org.springframework.boot.test.context.SpringBootTestContextBootstrapper=true}

  .   ____          _            __ _ _
 /\\ / ___'_ __ _ _(_)_ __  __ _ \ \ \ \
( ( )\___ | '_ | '_| | '_ \/ _` | \ \ \ \
 \\/  ___)| |_)| | | | | || (_| |  ) ) ) )
  '  |____| .__|_| |_|_| |_\__, | / / / /
 =========|_|==============|___/=/_/_/_/
 :: Spring Boot ::        (v2.3.4.RELEASE)

2021-01-20 22:48:06.101  INFO 11612 --- [    Test worker] controller.SkmControllerTest             : Starting SkmControllerTest on DESKTOP-T1RQ59H with PID 11612 (started by piszc in C:\Users\piszc\OneDrive\Desktop\SKM projekt\SKM\simulator)
2021-01-20 22:48:06.102  INFO 11612 --- [    Test worker] controller.SkmControllerTest             : No active profile set, falling back to default profiles: default
2021-01-20 22:48:07.061  INFO 11612 --- [    Test worker] o.s.b.t.m.w.SpringBootMockServletContext : Initializing Spring TestDispatcherServlet ''
2021-01-20 22:48:07.062  INFO 11612 --- [    Test worker] o.s.t.web.servlet.TestDispatcherServlet  : Initializing Servlet ''
2021-01-20 22:48:07.326  INFO 11612 --- [    Test worker] o.s.t.web.servlet.TestDispatcherServlet  : Completed initialization in 264 ms
2021-01-20 22:48:07.376  INFO 11612 --- [    Test worker] controller.SkmControllerTest             : Started SkmControllerTest in 1.604 seconds (JVM running for 2.877)
]]></system-out>
  <system-err><![CDATA[]]></system-err>
</testsuite>
