<?xml version="1.0" encoding="UTF-8"?>
<testsuite name="service.TrainServiceTest" tests="3" skipped="0" failures="0" errors="0" timestamp="2021-01-31T22:03:29" hostname="DESKTOP-T1RQ59H" time="0.026">
  <properties/>
  <testcase name="updateTrain()" classname="service.TrainServiceTest" time="0.01"/>
  <testcase name="createNewTrainWithId()" classname="service.TrainServiceTest" time="0.005"/>
  <testcase name="createNewTrainWithoutID()" classname="service.TrainServiceTest" time="0.006"/>
  <system-out><![CDATA[2021-01-31 23:03:28.882  INFO 9980 --- [    Test worker] .b.t.c.SpringBootTestContextBootstrapper : Neither @ContextConfiguration nor @ContextHierarchy found for test class [service.TrainServiceTest], using SpringBootContextLoader
2021-01-31 23:03:28.883  INFO 9980 --- [    Test worker] o.s.t.c.support.AbstractContextLoader    : Could not detect default resource locations for test class [service.TrainServiceTest]: no resource found for suffixes {-context.xml, Context.groovy}.
2021-01-31 23:03:28.889  INFO 9980 --- [    Test worker] .b.t.c.SpringBootTestContextBootstrapper : Loaded default TestExecutionListener class names from location [META-INF/spring.factories]: [org.springframework.security.test.context.support.WithSecurityContextTestExecutionListener, org.springframework.security.test.context.support.ReactorContextTestExecutionListener, org.springframework.boot.test.autoconfigure.restdocs.RestDocsTestExecutionListener, org.springframework.boot.test.autoconfigure.web.client.MockRestServiceServerResetTestExecutionListener, org.springframework.boot.test.autoconfigure.web.servlet.MockMvcPrintOnlyOnFailureTestExecutionListener, org.springframework.boot.test.autoconfigure.web.servlet.WebDriverTestExecutionListener, org.springframework.boot.test.autoconfigure.webservices.client.MockWebServiceServerTestExecutionListener, org.springframework.boot.test.mock.mockito.MockitoTestExecutionListener, org.springframework.boot.test.mock.mockito.ResetMocksTestExecutionListener, org.springframework.test.context.web.ServletTestExecutionListener, org.springframework.test.context.support.DirtiesContextBeforeModesTestExecutionListener, org.springframework.test.context.support.DependencyInjectionTestExecutionListener, org.springframework.test.context.support.DirtiesContextTestExecutionListener, org.springframework.test.context.transaction.TransactionalTestExecutionListener, org.springframework.test.context.jdbc.SqlScriptsTestExecutionListener, org.springframework.test.context.event.EventPublishingTestExecutionListener]
2021-01-31 23:03:28.890  INFO 9980 --- [    Test worker] .b.t.c.SpringBootTestContextBootstrapper : Using TestExecutionListeners: [org.springframework.test.context.web.ServletTestExecutionListener@32130543, org.springframework.test.context.support.DirtiesContextBeforeModesTestExecutionListener@5eb31959, org.springframework.boot.test.mock.mockito.MockitoTestExecutionListener@66a1293e, org.springframework.boot.test.autoconfigure.SpringBootDependencyInjectionTestExecutionListener@3b46d6ff, org.springframework.test.context.support.DirtiesContextTestExecutionListener@1155f5c9, org.springframework.test.context.transaction.TransactionalTestExecutionListener@57ea5f6b, org.springframework.test.context.jdbc.SqlScriptsTestExecutionListener@386d7471, org.springframework.security.test.context.support.WithSecurityContextTestExecutionListener@3591bcad, org.springframework.test.context.event.EventPublishingTestExecutionListener@bd4ec6b, org.springframework.security.test.context.support.ReactorContextTestExecutionListener@e40fb7d, org.springframework.boot.test.autoconfigure.restdocs.RestDocsTestExecutionListener@5d5dd838, org.springframework.boot.test.autoconfigure.web.client.MockRestServiceServerResetTestExecutionListener@651173ea, org.springframework.boot.test.autoconfigure.web.servlet.MockMvcPrintOnlyOnFailureTestExecutionListener@490a7c97, org.springframework.boot.test.autoconfigure.web.servlet.WebDriverTestExecutionListener@4018edd8, org.springframework.boot.test.autoconfigure.webservices.client.MockWebServiceServerTestExecutionListener@733761fb, org.springframework.boot.test.mock.mockito.ResetMocksTestExecutionListener@1d57d254]

  .   ____          _            __ _ _
 /\\ / ___'_ __ _ _(_)_ __  __ _ \ \ \ \
( ( )\___ | '_ | '_| | '_ \/ _` | \ \ \ \
 \\/  ___)| |_)| | | | | || (_| |  ) ) ) )
  '  |____| .__|_| |_|_| |_\__, | / / / /
 =========|_|==============|___/=/_/_/_/
 :: Spring Boot ::        (v2.3.4.RELEASE)

2021-01-31 23:03:28.932  INFO 9980 --- [    Test worker] service.TrainServiceTest                 : Starting TrainServiceTest on DESKTOP-T1RQ59H with PID 9980 (started by piszc in C:\Users\piszc\OneDrive\Desktop\SKM projekt\SKM\simulator)
2021-01-31 23:03:28.933  INFO 9980 --- [    Test worker] service.TrainServiceTest                 : No active profile set, falling back to default profiles: default
2021-01-31 23:03:29.069  INFO 9980 --- [    Test worker] service.TrainServiceTest                 : Started TrainServiceTest in 0.176 seconds (JVM running for 5.772)
]]></system-out>
  <system-err><![CDATA[]]></system-err>
</testsuite>
